2018-12-10 15:58:06 [1049@ufaslquticglpip]
An email to mavalencia2@espe.edu.ec was added to queue: [GLPI #0000149] Nuevo incidente Certificado Sistema Académico Estudiante T2
2018-12-10 15:58:07 [1049@ufaslquticglpip]
An email to helpdesk@espe.edu.ec was added to queue: [GLPI #0000149] Nuevo incidente Certificado Sistema Académico Estudiante T2
2018-12-10 15:58:07 [1049@ufaslquticglpip]
An email to rhllasag@espe.edu.ec was added to queue: [GLPI #0000149] Nuevo incidente Certificado Sistema Académico Estudiante T2
2018-12-10 15:58:07 [1049@ufaslquticglpip]
Correo de seguimiento enviado a helpdesk@espe.edu.ec: [GLPI #0000149] Nuevo incidente Certificado Sistema Académico Estudiante T2
2018-12-10 15:58:29 [51@ufaslquticglpip]
Correo de seguimiento enviado a rhllasag@espe.edu.ec: [GLPI #0000149] Nuevo incidente Certificado Sistema Académico Estudiante T2
2018-12-10 15:58:29 [51@ufaslquticglpip]
Correo de seguimiento enviado a mavalencia2@espe.edu.ec: [GLPI #0000149] Nuevo incidente Certificado Sistema Académico Estudiante T2
2018-12-10 16:00:50 [1049@ufaslquticglpip]
An email to mavalencia2@espe.edu.ec was added to queue: [GLPI #0000150] Nuevo incidente Certificado Sistema Académico Estudiante T3
2018-12-10 16:00:50 [1049@ufaslquticglpip]
An email to helpdesk@espe.edu.ec was added to queue: [GLPI #0000150] Nuevo incidente Certificado Sistema Académico Estudiante T3
2018-12-10 16:00:50 [1049@ufaslquticglpip]
An email to rhllasag@espe.edu.ec was added to queue: [GLPI #0000150] Nuevo incidente Certificado Sistema Académico Estudiante T3
2018-12-10 16:10:01 [51@ufaslquticglpip]
Correo de seguimiento enviado a rhllasag@espe.edu.ec: [GLPI #0000150] Nuevo incidente Certificado Sistema Académico Estudiante T3
2018-12-10 16:10:01 [51@ufaslquticglpip]
Correo de seguimiento enviado a helpdesk@espe.edu.ec: [GLPI #0000150] Nuevo incidente Certificado Sistema Académico Estudiante T3
2018-12-10 16:10:01 [51@ufaslquticglpip]
Correo de seguimiento enviado a mavalencia2@espe.edu.ec: [GLPI #0000150] Nuevo incidente Certificado Sistema Académico Estudiante T3
2018-12-10 16:10:37 [1049@ufaslquticglpip]
An email to mavalencia2@espe.edu.ec was added to queue: [GLPI #0000151] Nuevo incidente Certificado Sistema Académico Estudiante T4
2018-12-10 16:10:37 [1049@ufaslquticglpip]
An email to helpdesk@espe.edu.ec was added to queue: [GLPI #0000151] Nuevo incidente Certificado Sistema Académico Estudiante T4
2018-12-10 16:10:37 [1049@ufaslquticglpip]
An email to rhllasag@espe.edu.ec was added to queue: [GLPI #0000151] Nuevo incidente Certificado Sistema Académico Estudiante T4
2018-12-11 07:03:03 [1049@ufaslquticglpip]
An email to mavalencia2@espe.edu.ec was added to queue: [GLPI #0000152] Nuevo incidente Test Cron
2018-12-11 07:03:03 [1049@ufaslquticglpip]
An email to pmramos@espe.edu.ec was added to queue: [GLPI #0000152] Nuevo incidente Test Cron
2018-12-11 07:03:03 [1049@ufaslquticglpip]
An email to ayde@espe.edu.ec was added to queue: [GLPI #0000152] Nuevo incidente Test Cron
2018-12-11 07:03:03 [1049@ufaslquticglpip]
An email to aetorres@espe.edu.ec was added to queue: [GLPI #0000152] Nuevo incidente Test Cron
2018-12-11 07:03:03 [1049@ufaslquticglpip]
An email to afcastro@espe.edu.ec was added to queue: [GLPI #0000152] Nuevo incidente Test Cron
2018-12-11 07:03:03 [1049@ufaslquticglpip]
An email to hepdesk@espe.edu.ec was added to queue: [GLPI #0000152] Nuevo incidente Test Cron
2018-12-11 07:03:03 [1049@ufaslquticglpip]
An email to rhllasag@espe.edu.ec was added to queue: [GLPI #0000152] Nuevo incidente Test Cron
2018-12-11 07:03:03 [1049@ufaslquticglpip]
Correo de seguimiento enviado a mavalencia2@espe.edu.ec: [GLPI #0000152] Nuevo incidente Test Cron
2018-12-11 07:04:01 [@ufaslquticglpip]
Correo de seguimiento enviado a pmramos@espe.edu.ec: [GLPI #0000152] Nuevo incidente Test Cron
2018-12-11 07:04:01 [@ufaslquticglpip]
Correo de seguimiento enviado a ayde@espe.edu.ec: [GLPI #0000152] Nuevo incidente Test Cron
2018-12-11 07:04:01 [@ufaslquticglpip]
Correo de seguimiento enviado a aetorres@espe.edu.ec: [GLPI #0000152] Nuevo incidente Test Cron
2018-12-11 07:04:01 [@ufaslquticglpip]
Correo de seguimiento enviado a afcastro@espe.edu.ec: [GLPI #0000152] Nuevo incidente Test Cron
2018-12-11 07:04:01 [@ufaslquticglpip]
Correo de seguimiento enviado a hepdesk@espe.edu.ec: [GLPI #0000152] Nuevo incidente Test Cron
2018-12-11 07:04:01 [@ufaslquticglpip]
Correo de seguimiento enviado a rhllasag@espe.edu.ec: [GLPI #0000152] Nuevo incidente Test Cron
2018-12-11 07:35:12 [51@ufaslquticglpip]
An email to mavalencia2@espe.edu.ec was added to queue: [GLPI] Nueva reserva
2018-12-11 07:35:12 [51@ufaslquticglpip]
An email to hepdesk@espe.edu.ec was added to queue: [GLPI] Nueva reserva
2018-12-11 07:36:01 [@ufaslquticglpip]
Correo de seguimiento enviado a mavalencia2@espe.edu.ec: [GLPI] Nueva reserva
2018-12-11 07:36:01 [@ufaslquticglpip]
Correo de seguimiento enviado a hepdesk@espe.edu.ec: [GLPI] Nueva reserva
2018-12-11 07:37:48 [51@ufaslquticglpip]
An email to mavalencia2@espe.edu.ec was added to queue: [GLPI] Eliminación de una reservación
2018-12-11 07:37:48 [51@ufaslquticglpip]
An email to hepdesk@espe.edu.ec was added to queue: [GLPI] Eliminación de una reservación
2018-12-11 07:38:01 [@ufaslquticglpip]
Correo de seguimiento enviado a mavalencia2@espe.edu.ec: [GLPI] Eliminación de una reservación
2018-12-11 07:38:01 [@ufaslquticglpip]
Correo de seguimiento enviado a hepdesk@espe.edu.ec: [GLPI] Eliminación de una reservación
2018-12-11 07:38:36 [51@ufaslquticglpip]
An email to gracosta@espe.edu.ec was added to queue: [GLPI] Nueva reserva
2018-12-11 07:38:36 [51@ufaslquticglpip]
An email to hepdesk@espe.edu.ec was added to queue: [GLPI] Nueva reserva
2018-12-11 07:39:01 [@ufaslquticglpip]
Correo de seguimiento enviado a gracosta@espe.edu.ec: [GLPI] Nueva reserva
2018-12-11 07:39:01 [@ufaslquticglpip]
Correo de seguimiento enviado a hepdesk@espe.edu.ec: [GLPI] Nueva reserva
2018-12-11 07:39:51 [51@ufaslquticglpip]
An email to gracosta@espe.edu.ec was added to queue: [GLPI] Eliminación de una reservación
2018-12-11 07:39:51 [51@ufaslquticglpip]
An email to hepdesk@espe.edu.ec was added to queue: [GLPI] Eliminación de una reservación
2018-12-11 07:40:02 [@ufaslquticglpip]
Correo de seguimiento enviado a gracosta@espe.edu.ec: [GLPI] Eliminación de una reservación
2018-12-11 07:40:02 [@ufaslquticglpip]
Correo de seguimiento enviado a hepdesk@espe.edu.ec: [GLPI] Eliminación de una reservación
2018-12-11 08:32:34 [51@ufaslquticglpip]
An email to mavalencia2@espe.edu.ec was added to queue: [GLPI] Nueva reserva
2018-12-11 08:32:34 [51@ufaslquticglpip]
An email to hepdesk@espe.edu.ec was added to queue: [GLPI] Nueva reserva
2018-12-11 08:33:02 [@ufaslquticglpip]
Correo de seguimiento enviado a mavalencia2@espe.edu.ec: [GLPI] Nueva reserva
2018-12-11 08:33:02 [@ufaslquticglpip]
Correo de seguimiento enviado a hepdesk@espe.edu.ec: [GLPI] Nueva reserva
2018-12-11 08:38:37 [51@ufaslquticglpip]
An email to mavalencia2@espe.edu.ec was added to queue: [GLPI] Nueva reserva
2018-12-11 08:38:37 [51@ufaslquticglpip]
An email to hepdesk@espe.edu.ec was added to queue: [GLPI] Nueva reserva
2018-12-11 08:39:02 [@ufaslquticglpip]
Correo de seguimiento enviado a mavalencia2@espe.edu.ec: [GLPI] Nueva reserva
2018-12-11 08:39:02 [@ufaslquticglpip]
Correo de seguimiento enviado a hepdesk@espe.edu.ec: [GLPI] Nueva reserva
2018-12-11 08:53:24 [51@ufaslquticglpip]
An email to mavalencia2@espe.edu.ec was added to queue: [GLPI] Eliminación de una reservación
2018-12-11 08:53:24 [51@ufaslquticglpip]
An email to hepdesk@espe.edu.ec was added to queue: [GLPI] Eliminación de una reservación
2018-12-11 08:54:02 [@ufaslquticglpip]
Correo de seguimiento enviado a mavalencia2@espe.edu.ec: [GLPI] Eliminación de una reservación
2018-12-11 08:54:02 [@ufaslquticglpip]
Correo de seguimiento enviado a hepdesk@espe.edu.ec: [GLPI] Eliminación de una reservación
2018-12-11 09:06:57 [51@ufaslquticglpip]
An email to mavalencia2@espe.edu.ec was added to queue: [GLPI] Actualización de una reservación
2018-12-11 09:06:57 [51@ufaslquticglpip]
An email to hepdesk@espe.edu.ec was added to queue: [GLPI] Actualización de una reservación
2018-12-11 09:07:01 [@ufaslquticglpip]
Correo de seguimiento enviado a mavalencia2@espe.edu.ec: [GLPI] Actualización de una reservación
2018-12-11 09:07:01 [@ufaslquticglpip]
Correo de seguimiento enviado a hepdesk@espe.edu.ec: [GLPI] Actualización de una reservación
2018-12-11 13:19:08 [51@ufaslquticglpip]
An email to mavalencia2@espe.edu.ec was added to queue: [GLPI] Eliminación de una reservación
2018-12-11 13:19:08 [51@ufaslquticglpip]
An email to hepdesk@espe.edu.ec was added to queue: [GLPI] Eliminación de una reservación
2018-12-11 13:19:20 [51@ufaslquticglpip]
An email to rhllasag@espe.edu.ec was added to queue: [GLPI] Nueva reserva
2018-12-11 13:19:20 [51@ufaslquticglpip]
An email to hepdesk@espe.edu.ec was added to queue: [GLPI] Nueva reserva
2018-12-11 13:20:02 [@ufaslquticglpip]
Correo de seguimiento enviado a mavalencia2@espe.edu.ec: [GLPI] Eliminación de una reservación
2018-12-11 13:20:02 [@ufaslquticglpip]
Correo de seguimiento enviado a hepdesk@espe.edu.ec: [GLPI] Eliminación de una reservación
2018-12-11 13:20:02 [@ufaslquticglpip]
Correo de seguimiento enviado a rhllasag@espe.edu.ec: [GLPI] Nueva reserva
2018-12-11 13:20:02 [@ufaslquticglpip]
Correo de seguimiento enviado a hepdesk@espe.edu.ec: [GLPI] Nueva reserva
2018-12-11 13:25:28 [51@ufaslquticglpip]
An email to rhllasag@espe.edu.ec was added to queue: [GLPI] Actualización de una reservación
2018-12-11 13:25:28 [51@ufaslquticglpip]
An email to hepdesk@espe.edu.ec was added to queue: [GLPI] Actualización de una reservación
2018-12-11 13:26:02 [@ufaslquticglpip]
Correo de seguimiento enviado a rhllasag@espe.edu.ec: [GLPI] Actualización de una reservación
2018-12-11 13:26:02 [@ufaslquticglpip]
Correo de seguimiento enviado a hepdesk@espe.edu.ec: [GLPI] Actualización de una reservación
2018-12-12 10:46:45 [51@ufaslquticglpip]
An email to mavalencia2@espe.edu.ec was added to queue: [GLPI #0000153] Nuevo incidente Test Alert
2018-12-12 10:46:45 [51@ufaslquticglpip]
An email to ayde@espe.edu.ec was added to queue: [GLPI #0000153] Nuevo incidente Test Alert
2018-12-12 10:46:45 [51@ufaslquticglpip]
An email to aetorres@espe.edu.ec was added to queue: [GLPI #0000153] Nuevo incidente Test Alert
2018-12-12 10:46:45 [51@ufaslquticglpip]
An email to afcastro@espe.edu.ec was added to queue: [GLPI #0000153] Nuevo incidente Test Alert
2018-12-12 10:46:46 [51@ufaslquticglpip]
An email to hepdesk@espe.edu.ec was added to queue: [GLPI #0000153] Nuevo incidente Test Alert
2018-12-12 10:46:46 [51@ufaslquticglpip]
An email to rhllasag@espe.edu.ec was added to queue: [GLPI #0000153] Nuevo incidente Test Alert
2018-12-12 10:46:46 [51@ufaslquticglpip]
Correo de seguimiento enviado a mavalencia2@espe.edu.ec: [GLPI #0000153] Nuevo incidente Test Alert
2018-12-12 10:47:01 [@ufaslquticglpip]
Correo de seguimiento enviado a ayde@espe.edu.ec: [GLPI #0000153] Nuevo incidente Test Alert
2018-12-12 10:47:01 [@ufaslquticglpip]
Correo de seguimiento enviado a aetorres@espe.edu.ec: [GLPI #0000153] Nuevo incidente Test Alert
2018-12-12 10:47:01 [@ufaslquticglpip]
Correo de seguimiento enviado a afcastro@espe.edu.ec: [GLPI #0000153] Nuevo incidente Test Alert
2018-12-12 10:47:01 [@ufaslquticglpip]
Correo de seguimiento enviado a hepdesk@espe.edu.ec: [GLPI #0000153] Nuevo incidente Test Alert
2018-12-12 10:47:01 [@ufaslquticglpip]
Correo de seguimiento enviado a rhllasag@espe.edu.ec: [GLPI #0000153] Nuevo incidente Test Alert
