2018-02-08 14:15:27 [@ufaslquticglpip]
0 seconds for "Add of - Object Locks to database" @ 2018-02-08 14:15:27 [@ufaslquticglpip]
0 seconds for "date_mod y date_creation" @ 2018-02-08 14:15:27 [@ufaslquticglpip]
0 seconds for "Agregar date_creation a glpi_authldaps" @ 2018-02-08 14:15:27 [@ufaslquticglpip]
0 seconds for "Cambio del esquema de la base de datos - glpi_authldaps" @ 2018-02-08 14:15:27 [@ufaslquticglpip]
0 seconds for "Agregar date_mod a glpi_blacklists" @ 2018-02-08 14:15:27 [@ufaslquticglpip]
0 seconds for "Cambio del esquema de la base de datos - glpi_blacklists" @ 2018-02-08 14:15:27 [@ufaslquticglpip]
0 seconds for "Agregar date_creation a glpi_blacklists" @ 2018-02-08 14:15:27 [@ufaslquticglpip]
0 seconds for "Cambio del esquema de la base de datos - glpi_blacklists" @ 2018-02-08 14:15:27 [@ufaslquticglpip]
0 seconds for "Agregar date_mod a glpi_blacklistedmailcontents" @ 2018-02-08 14:15:27 [@ufaslquticglpip]
0 seconds for "Cambio del esquema de la base de datos - glpi_blacklistedmailcontents" @ 2018-02-08 14:15:27 [@ufaslquticglpip]
0 seconds for "Agregar date_creation a glpi_blacklistedmailcontents" @ 2018-02-08 14:15:27 [@ufaslquticglpip]
0 seconds for "Cambio del esquema de la base de datos - glpi_blacklistedmailcontents" @ 2018-02-08 14:15:27 [@ufaslquticglpip]
0 seconds for "Agregar date_creation a glpi_budgets" @ 2018-02-08 14:15:27 [@ufaslquticglpip]
0 seconds for "Cambio del esquema de la base de datos - glpi_budgets" @ 2018-02-08 14:15:27 [@ufaslquticglpip]
0 seconds for "Agregar date_creation a glpi_calendars" @ 2018-02-08 14:15:27 [@ufaslquticglpip]
0 seconds for "Cambio del esquema de la base de datos - glpi_calendars" @ 2018-02-08 14:15:27 [@ufaslquticglpip]
0 seconds for "Agregar date_mod a glpi_cartridgeitemtypes" @ 2018-02-08 14:15:27 [@ufaslquticglpip]
0 seconds for "Cambio del esquema de la base de datos - glpi_cartridgeitemtypes" @ 2018-02-08 14:15:27 [@ufaslquticglpip]
0 seconds for "Agregar date_creation a glpi_cartridgeitemtypes" @ 2018-02-08 14:15:27 [@ufaslquticglpip]
0 seconds for "Cambio del esquema de la base de datos - glpi_cartridgeitemtypes" @ 2018-02-08 14:15:27 [@ufaslquticglpip]
0 seconds for "Agregar date_creation a glpi_changes" @ 2018-02-08 14:15:27 [@ufaslquticglpip]
0 seconds for "Cambio del esquema de la base de datos - glpi_changes" @ 2018-02-08 14:15:27 [@ufaslquticglpip]
0 seconds for "Agregar date_mod a glpi_changetasks" @ 2018-02-08 14:15:27 [@ufaslquticglpip]
0 seconds for "Cambio del esquema de la base de datos - glpi_changetasks" @ 2018-02-08 14:15:27 [@ufaslquticglpip]
0 seconds for "Agregar date_creation a glpi_changetasks" @ 2018-02-08 14:15:27 [@ufaslquticglpip]
0 seconds for "Cambio del esquema de la base de datos - glpi_changetasks" @ 2018-02-08 14:15:27 [@ufaslquticglpip]
0 seconds for "Agregar date_mod a glpi_computerdisks" @ 2018-02-08 14:15:27 [@ufaslquticglpip]
0 seconds for "Cambio del esquema de la base de datos - glpi_computerdisks" @ 2018-02-08 14:15:27 [@ufaslquticglpip]
0 seconds for "Agregar date_creation a glpi_computerdisks" @ 2018-02-08 14:15:27 [@ufaslquticglpip]
0 seconds for "Cambio del esquema de la base de datos - glpi_computerdisks" @ 2018-02-08 14:15:27 [@ufaslquticglpip]
0 seconds for "Agregar date_mod a glpi_computervirtualmachines" @ 2018-02-08 14:15:27 [@ufaslquticglpip]
0 seconds for "Cambio del esquema de la base de datos - glpi_computervirtualmachines" @ 2018-02-08 14:15:27 [@ufaslquticglpip]
0 seconds for "Agregar date_creation a glpi_computervirtualmachines" @ 2018-02-08 14:15:27 [@ufaslquticglpip]
0 seconds for "Cambio del esquema de la base de datos - glpi_computervirtualmachines" @ 2018-02-08 14:15:27 [@ufaslquticglpip]
0 seconds for "Agregar date_mod a glpi_consumableitemtypes" @ 2018-02-08 14:15:27 [@ufaslquticglpip]
0 seconds for "Cambio del esquema de la base de datos - glpi_consumableitemtypes" @ 2018-02-08 14:15:27 [@ufaslquticglpip]
0 seconds for "Agregar date_creation a glpi_consumableitemtypes" @ 2018-02-08 14:15:27 [@ufaslquticglpip]
0 seconds for "Cambio del esquema de la base de datos - glpi_consumableitemtypes" @ 2018-02-08 14:15:27 [@ufaslquticglpip]
0 seconds for "Agregar date_mod a glpi_contacts" @ 2018-02-08 14:15:27 [@ufaslquticglpip]
0 seconds for "Cambio del esquema de la base de datos - glpi_contacts" @ 2018-02-08 14:15:27 [@ufaslquticglpip]
0 seconds for "Agregar date_creation a glpi_contacts" @ 2018-02-08 14:15:27 [@ufaslquticglpip]
0 seconds for "Cambio del esquema de la base de datos - glpi_contacts" @ 2018-02-08 14:15:27 [@ufaslquticglpip]
0 seconds for "Agregar date_mod a glpi_contacttypes" @ 2018-02-08 14:15:27 [@ufaslquticglpip]
0 seconds for "Cambio del esquema de la base de datos - glpi_contacttypes" @ 2018-02-08 14:15:27 [@ufaslquticglpip]
0 seconds for "Agregar date_creation a glpi_contacttypes" @ 2018-02-08 14:15:27 [@ufaslquticglpip]
0 seconds for "Cambio del esquema de la base de datos - glpi_contacttypes" @ 2018-02-08 14:15:27 [@ufaslquticglpip]
0 seconds for "Agregar date_mod a glpi_contracts" @ 2018-02-08 14:15:27 [@ufaslquticglpip]
0 seconds for "Cambio del esquema de la base de datos - glpi_contracts" @ 2018-02-08 14:15:27 [@ufaslquticglpip]
0 seconds for "Agregar date_creation a glpi_contracts" @ 2018-02-08 14:15:27 [@ufaslquticglpip]
0 seconds for "Cambio del esquema de la base de datos - glpi_contracts" @ 2018-02-08 14:15:27 [@ufaslquticglpip]
0 seconds for "Agregar date_mod a glpi_contracttypes" @ 2018-02-08 14:15:27 [@ufaslquticglpip]
0 seconds for "Cambio del esquema de la base de datos - glpi_contracttypes" @ 2018-02-08 14:15:27 [@ufaslquticglpip]
0 seconds for "Agregar date_creation a glpi_contracttypes" @ 2018-02-08 14:15:27 [@ufaslquticglpip]
0 seconds for "Cambio del esquema de la base de datos - glpi_contracttypes" @ 2018-02-08 14:15:27 [@ufaslquticglpip]
0 seconds for "Agregar date_mod a glpi_crontasks" @ 2018-02-08 14:15:27 [@ufaslquticglpip]
0 seconds for "Cambio del esquema de la base de datos - glpi_crontasks" @ 2018-02-08 14:15:27 [@ufaslquticglpip]
0 seconds for "Agregar date_creation a glpi_crontasks" @ 2018-02-08 14:15:27 [@ufaslquticglpip]
0 seconds for "Cambio del esquema de la base de datos - glpi_crontasks" @ 2018-02-08 14:15:27 [@ufaslquticglpip]
0 seconds for "Agregar date_mod a glpi_devicecasetypes" @ 2018-02-08 14:15:27 [@ufaslquticglpip]
0 seconds for "Cambio del esquema de la base de datos - glpi_devicecasetypes" @ 2018-02-08 14:15:27 [@ufaslquticglpip]
0 seconds for "Agregar date_creation a glpi_devicecasetypes" @ 2018-02-08 14:15:27 [@ufaslquticglpip]
0 seconds for "Cambio del esquema de la base de datos - glpi_devicecasetypes" @ 2018-02-08 14:15:27 [@ufaslquticglpip]
0 seconds for "Agregar date_mod a glpi_devicememorytypes" @ 2018-02-08 14:15:27 [@ufaslquticglpip]
0 seconds for "Cambio del esquema de la base de datos - glpi_devicememorytypes" @ 2018-02-08 14:15:27 [@ufaslquticglpip]
0 seconds for "Agregar date_creation a glpi_devicememorytypes" @ 2018-02-08 14:15:27 [@ufaslquticglpip]
0 seconds for "Cambio del esquema de la base de datos - glpi_devicememorytypes" @ 2018-02-08 14:15:27 [@ufaslquticglpip]
0 seconds for "Agregar date_creation a glpi_documents" @ 2018-02-08 14:15:27 [@ufaslquticglpip]
0 seconds for "Cambio del esquema de la base de datos - glpi_documents" @ 2018-02-08 14:15:27 [@ufaslquticglpip]
0 seconds for "Agregar date_mod a glpi_documentcategories" @ 2018-02-08 14:15:27 [@ufaslquticglpip]
0 seconds for "Cambio del esquema de la base de datos - glpi_documentcategories" @ 2018-02-08 14:15:27 [@ufaslquticglpip]
0 seconds for "Agregar date_creation a glpi_documentcategories" @ 2018-02-08 14:15:27 [@ufaslquticglpip]
0 seconds for "Cambio del esquema de la base de datos - glpi_documentcategories" @ 2018-02-08 14:15:27 [@ufaslquticglpip]
0 seconds for "Agregar date_creation a glpi_documenttypes" @ 2018-02-08 14:15:27 [@ufaslquticglpip]
0 seconds for "Cambio del esquema de la base de datos - glpi_documenttypes" @ 2018-02-08 14:15:27 [@ufaslquticglpip]
0 seconds for "Agregar date_mod a glpi_domains" @ 2018-02-08 14:15:27 [@ufaslquticglpip]
0 seconds for "Cambio del esquema de la base de datos - glpi_domains" @ 2018-02-08 14:15:27 [@ufaslquticglpip]
0 seconds for "Agregar date_creation a glpi_domains" @ 2018-02-08 14:15:27 [@ufaslquticglpip]
0 seconds for "Cambio del esquema de la base de datos - glpi_domains" @ 2018-02-08 14:15:27 [@ufaslquticglpip]
0 seconds for "Agregar date_mod a glpi_entities" @ 2018-02-08 14:15:27 [@ufaslquticglpip]
0 seconds for "Cambio del esquema de la base de datos - glpi_entities" @ 2018-02-08 14:15:27 [@ufaslquticglpip]
0 seconds for "Agregar date_creation a glpi_entities" @ 2018-02-08 14:15:27 [@ufaslquticglpip]
0 seconds for "Cambio del esquema de la base de datos - glpi_entities" @ 2018-02-08 14:15:27 [@ufaslquticglpip]
0 seconds for "Agregar date_mod a glpi_fqdns" @ 2018-02-08 14:15:27 [@ufaslquticglpip]
0 seconds for "Cambio del esquema de la base de datos - glpi_fqdns" @ 2018-02-08 14:15:27 [@ufaslquticglpip]
0 seconds for "Agregar date_creation a glpi_fqdns" @ 2018-02-08 14:15:27 [@ufaslquticglpip]
0 seconds for "Cambio del esquema de la base de datos - glpi_fqdns" @ 2018-02-08 14:15:27 [@ufaslquticglpip]
0 seconds for "Agregar date_mod a glpi_fieldblacklists" @ 2018-02-08 14:15:27 [@ufaslquticglpip]
0 seconds for "Cambio del esquema de la base de datos - glpi_fieldblacklists" @ 2018-02-08 14:15:27 [@ufaslquticglpip]
0 seconds for "Agregar date_creation a glpi_fieldblacklists" @ 2018-02-08 14:15:27 [@ufaslquticglpip]
0 seconds for "Cambio del esquema de la base de datos - glpi_fieldblacklists" @ 2018-02-08 14:15:27 [@ufaslquticglpip]
0 seconds for "Agregar date_mod a glpi_fieldunicities" @ 2018-02-08 14:15:27 [@ufaslquticglpip]
0 seconds for "Cambio del esquema de la base de datos - glpi_fieldunicities" @ 2018-02-08 14:15:27 [@ufaslquticglpip]
0 seconds for "Agregar date_creation a glpi_fieldunicities" @ 2018-02-08 14:15:27 [@ufaslquticglpip]
0 seconds for "Cambio del esquema de la base de datos - glpi_fieldunicities" @ 2018-02-08 14:15:27 [@ufaslquticglpip]
0 seconds for "Agregar date_mod a glpi_filesystems" @ 2018-02-08 14:15:27 [@ufaslquticglpip]
0 seconds for "Cambio del esquema de la base de datos - glpi_filesystems" @ 2018-02-08 14:15:27 [@ufaslquticglpip]
0 seconds for "Agregar date_creation a glpi_filesystems" @ 2018-02-08 14:15:27 [@ufaslquticglpip]
0 seconds for "Cambio del esquema de la base de datos - glpi_filesystems" @ 2018-02-08 14:15:27 [@ufaslquticglpip]
0 seconds for "Agregar date_creation a glpi_groups" @ 2018-02-08 14:15:27 [@ufaslquticglpip]
0 seconds for "Cambio del esquema de la base de datos - glpi_groups" @ 2018-02-08 14:15:27 [@ufaslquticglpip]
0 seconds for "Agregar date_mod a glpi_holidays" @ 2018-02-08 14:15:27 [@ufaslquticglpip]
0 seconds for "Cambio del esquema de la base de datos - glpi_holidays" @ 2018-02-08 14:15:27 [@ufaslquticglpip]
0 seconds for "Agregar date_creation a glpi_holidays" @ 2018-02-08 14:15:27 [@ufaslquticglpip]
0 seconds for "Cambio del esquema de la base de datos - glpi_holidays" @ 2018-02-08 14:15:27 [@ufaslquticglpip]
0 seconds for "Agregar date_mod a glpi_infocoms" @ 2018-02-08 14:15:27 [@ufaslquticglpip]
0 seconds for "Cambio del esquema de la base de datos - glpi_infocoms" @ 2018-02-08 14:15:27 [@ufaslquticglpip]
0 seconds for "Agregar date_creation a glpi_infocoms" @ 2018-02-08 14:15:27 [@ufaslquticglpip]
0 seconds for "Cambio del esquema de la base de datos - glpi_infocoms" @ 2018-02-08 14:15:27 [@ufaslquticglpip]
0 seconds for "Agregar date_mod a glpi_interfacetypes" @ 2018-02-08 14:15:27 [@ufaslquticglpip]
0 seconds for "Cambio del esquema de la base de datos - glpi_interfacetypes" @ 2018-02-08 14:15:27 [@ufaslquticglpip]
0 seconds for "Agregar date_creation a glpi_interfacetypes" @ 2018-02-08 14:15:27 [@ufaslquticglpip]
0 seconds for "Cambio del esquema de la base de datos - glpi_interfacetypes" @ 2018-02-08 14:15:27 [@ufaslquticglpip]
0 seconds for "Agregar date_mod a glpi_ipnetworks" @ 2018-02-08 14:15:27 [@ufaslquticglpip]
0 seconds for "Cambio del esquema de la base de datos - glpi_ipnetworks" @ 2018-02-08 14:15:27 [@ufaslquticglpip]
0 seconds for "Agregar date_creation a glpi_ipnetworks" @ 2018-02-08 14:15:27 [@ufaslquticglpip]
0 seconds for "Cambio del esquema de la base de datos - glpi_ipnetworks" @ 2018-02-08 14:15:27 [@ufaslquticglpip]
0 seconds for "Agregar date_mod a glpi_itilcategories" @ 2018-02-08 14:15:27 [@ufaslquticglpip]
0 seconds for "Cambio del esquema de la base de datos - glpi_itilcategories" @ 2018-02-08 14:15:27 [@ufaslquticglpip]
0 seconds for "Agregar date_creation a glpi_itilcategories" @ 2018-02-08 14:15:27 [@ufaslquticglpip]
0 seconds for "Cambio del esquema de la base de datos - glpi_itilcategories" @ 2018-02-08 14:15:27 [@ufaslquticglpip]
0 seconds for "Agregar date_mod a glpi_knowbaseitemcategories" @ 2018-02-08 14:15:27 [@ufaslquticglpip]
0 seconds for "Cambio del esquema de la base de datos - glpi_knowbaseitemcategories" @ 2018-02-08 14:15:27 [@ufaslquticglpip]
0 seconds for "Agregar date_creation a glpi_knowbaseitemcategories" @ 2018-02-08 14:15:27 [@ufaslquticglpip]
0 seconds for "Cambio del esquema de la base de datos - glpi_knowbaseitemcategories" @ 2018-02-08 14:15:27 [@ufaslquticglpip]
0 seconds for "Agregar date_mod a glpi_locations" @ 2018-02-08 14:15:27 [@ufaslquticglpip]
0 seconds for "Cambio del esquema de la base de datos - glpi_locations" @ 2018-02-08 14:15:27 [@ufaslquticglpip]
0 seconds for "Agregar date_creation a glpi_locations" @ 2018-02-08 14:15:27 [@ufaslquticglpip]
0 seconds for "Cambio del esquema de la base de datos - glpi_locations" @ 2018-02-08 14:15:27 [@ufaslquticglpip]
0 seconds for "Agregar date_mod a glpi_links" @ 2018-02-08 14:15:27 [@ufaslquticglpip]
0 seconds for "Cambio del esquema de la base de datos - glpi_links" @ 2018-02-08 14:15:27 [@ufaslquticglpip]
0 seconds for "Agregar date_creation a glpi_links" @ 2018-02-08 14:15:27 [@ufaslquticglpip]
0 seconds for "Cambio del esquema de la base de datos - glpi_links" @ 2018-02-08 14:15:27 [@ufaslquticglpip]
0 seconds for "Agregar date_creation a glpi_mailcollectors" @ 2018-02-08 14:15:27 [@ufaslquticglpip]
0 seconds for "Cambio del esquema de la base de datos - glpi_mailcollectors" @ 2018-02-08 14:15:27 [@ufaslquticglpip]
0 seconds for "Agregar date_mod a glpi_manufacturers" @ 2018-02-08 14:15:27 [@ufaslquticglpip]
0 seconds for "Cambio del esquema de la base de datos - glpi_manufacturers" @ 2018-02-08 14:15:27 [@ufaslquticglpip]
0 seconds for "Agregar date_creation a glpi_manufacturers" @ 2018-02-08 14:15:27 [@ufaslquticglpip]
0 seconds for "Cambio del esquema de la base de datos - glpi_manufacturers" @ 2018-02-08 14:15:27 [@ufaslquticglpip]
0 seconds for "Agregar date_mod a glpi_netpoints" @ 2018-02-08 14:15:27 [@ufaslquticglpip]
0 seconds for "Cambio del esquema de la base de datos - glpi_netpoints" @ 2018-02-08 14:15:27 [@ufaslquticglpip]
0 seconds for "Agregar date_creation a glpi_netpoints" @ 2018-02-08 14:15:27 [@ufaslquticglpip]
0 seconds for "Cambio del esquema de la base de datos - glpi_netpoints" @ 2018-02-08 14:15:27 [@ufaslquticglpip]
0 seconds for "Agregar date_mod a glpi_networks" @ 2018-02-08 14:15:27 [@ufaslquticglpip]
0 seconds for "Cambio del esquema de la base de datos - glpi_networks" @ 2018-02-08 14:15:27 [@ufaslquticglpip]
0 seconds for "Agregar date_creation a glpi_networks" @ 2018-02-08 14:15:27 [@ufaslquticglpip]
0 seconds for "Cambio del esquema de la base de datos - glpi_networks" @ 2018-02-08 14:15:27 [@ufaslquticglpip]
0 seconds for "Agregar date_mod a glpi_networkequipmentfirmwares" @ 2018-02-08 14:15:27 [@ufaslquticglpip]
0 seconds for "Cambio del esquema de la base de datos - glpi_networkequipmentfirmwares" @ 2018-02-08 14:15:27 [@ufaslquticglpip]
0 seconds for "Agregar date_creation a glpi_networkequipmentfirmwares" @ 2018-02-08 14:15:27 [@ufaslquticglpip]
0 seconds for "Cambio del esquema de la base de datos - glpi_networkequipmentfirmwares" @ 2018-02-08 14:15:27 [@ufaslquticglpip]
0 seconds for "Agregar date_mod a glpi_networknames" @ 2018-02-08 14:15:27 [@ufaslquticglpip]
0 seconds for "Cambio del esquema de la base de datos - glpi_networknames" @ 2018-02-08 14:15:27 [@ufaslquticglpip]
0 seconds for "Agregar date_creation a glpi_networknames" @ 2018-02-08 14:15:27 [@ufaslquticglpip]
0 seconds for "Cambio del esquema de la base de datos - glpi_networknames" @ 2018-02-08 14:15:27 [@ufaslquticglpip]
0 seconds for "Agregar date_mod a glpi_networkports" @ 2018-02-08 14:15:27 [@ufaslquticglpip]
0 seconds for "Cambio del esquema de la base de datos - glpi_networkports" @ 2018-02-08 14:15:27 [@ufaslquticglpip]
0 seconds for "Agregar date_creation a glpi_networkports" @ 2018-02-08 14:15:27 [@ufaslquticglpip]
0 seconds for "Cambio del esquema de la base de datos - glpi_networkports" @ 2018-02-08 14:15:27 [@ufaslquticglpip]
0 seconds for "Agregar date_creation a glpi_notifications" @ 2018-02-08 14:15:27 [@ufaslquticglpip]
0 seconds for "Cambio del esquema de la base de datos - glpi_notifications" @ 2018-02-08 14:15:27 [@ufaslquticglpip]
0 seconds for "Agregar date_creation a glpi_notificationtemplates" @ 2018-02-08 14:15:27 [@ufaslquticglpip]
0 seconds for "Cambio del esquema de la base de datos - glpi_notificationtemplates" @ 2018-02-08 14:15:27 [@ufaslquticglpip]
0 seconds for "Agregar date_mod a glpi_phonepowersupplies" @ 2018-02-08 14:15:27 [@ufaslquticglpip]
0 seconds for "Cambio del esquema de la base de datos - glpi_phonepowersupplies" @ 2018-02-08 14:15:27 [@ufaslquticglpip]
0 seconds for "Agregar date_creation a glpi_phonepowersupplies" @ 2018-02-08 14:15:27 [@ufaslquticglpip]
0 seconds for "Cambio del esquema de la base de datos - glpi_phonepowersupplies" @ 2018-02-08 14:15:27 [@ufaslquticglpip]
0 seconds for "Agregar date_creation a glpi_problems" @ 2018-02-08 14:15:27 [@ufaslquticglpip]
0 seconds for "Cambio del esquema de la base de datos - glpi_problems" @ 2018-02-08 14:15:27 [@ufaslquticglpip]
0 seconds for "Agregar date_mod a glpi_problemtasks" @ 2018-02-08 14:15:27 [@ufaslquticglpip]
0 seconds for "Cambio del esquema de la base de datos - glpi_problemtasks" @ 2018-02-08 14:15:27 [@ufaslquticglpip]
0 seconds for "Agregar date_creation a glpi_problemtasks" @ 2018-02-08 14:15:27 [@ufaslquticglpip]
0 seconds for "Cambio del esquema de la base de datos - glpi_problemtasks" @ 2018-02-08 14:15:27 [@ufaslquticglpip]
0 seconds for "Agregar date_creation a glpi_profiles" @ 2018-02-08 14:15:27 [@ufaslquticglpip]
0 seconds for "Cambio del esquema de la base de datos - glpi_profiles" @ 2018-02-08 14:15:27 [@ufaslquticglpip]
0 seconds for "Agregar date_creation a glpi_projects" @ 2018-02-08 14:15:27 [@ufaslquticglpip]
0 seconds for "Cambio del esquema de la base de datos - glpi_projects" @ 2018-02-08 14:15:27 [@ufaslquticglpip]
0 seconds for "Agregar date_mod a glpi_projectstates" @ 2018-02-08 14:15:27 [@ufaslquticglpip]
0 seconds for "Cambio del esquema de la base de datos - glpi_projectstates" @ 2018-02-08 14:15:27 [@ufaslquticglpip]
0 seconds for "Agregar date_creation a glpi_projectstates" @ 2018-02-08 14:15:27 [@ufaslquticglpip]
0 seconds for "Cambio del esquema de la base de datos - glpi_projectstates" @ 2018-02-08 14:15:27 [@ufaslquticglpip]
0 seconds for "Agregar date_mod a glpi_projecttasktypes" @ 2018-02-08 14:15:27 [@ufaslquticglpip]
0 seconds for "Cambio del esquema de la base de datos - glpi_projecttasktypes" @ 2018-02-08 14:15:27 [@ufaslquticglpip]
0 seconds for "Agregar date_creation a glpi_projecttasktypes" @ 2018-02-08 14:15:27 [@ufaslquticglpip]
0 seconds for "Cambio del esquema de la base de datos - glpi_projecttasktypes" @ 2018-02-08 14:15:27 [@ufaslquticglpip]
0 seconds for "Agregar date_mod a glpi_projecttypes" @ 2018-02-08 14:15:27 [@ufaslquticglpip]
0 seconds for "Cambio del esquema de la base de datos - glpi_projecttypes" @ 2018-02-08 14:15:27 [@ufaslquticglpip]
0 seconds for "Agregar date_creation a glpi_projecttypes" @ 2018-02-08 14:15:27 [@ufaslquticglpip]
0 seconds for "Cambio del esquema de la base de datos - glpi_projecttypes" @ 2018-02-08 14:15:27 [@ufaslquticglpip]
0 seconds for "Agregar date_creation a glpi_reminders" @ 2018-02-08 14:15:27 [@ufaslquticglpip]
0 seconds for "Cambio del esquema de la base de datos - glpi_reminders" @ 2018-02-08 14:15:27 [@ufaslquticglpip]
0 seconds for "Agregar date_mod a glpi_requesttypes" @ 2018-02-08 14:15:28 [@ufaslquticglpip]
1 second for "Cambio del esquema de la base de datos - glpi_requesttypes" @ 2018-02-08 14:15:28 [@ufaslquticglpip]
0 seconds for "Agregar date_creation a glpi_requesttypes" @ 2018-02-08 14:15:28 [@ufaslquticglpip]
0 seconds for "Cambio del esquema de la base de datos - glpi_requesttypes" @ 2018-02-08 14:15:28 [@ufaslquticglpip]
0 seconds for "Agregar date_creation a glpi_rssfeeds" @ 2018-02-08 14:15:28 [@ufaslquticglpip]
0 seconds for "Cambio del esquema de la base de datos - glpi_rssfeeds" @ 2018-02-08 14:15:28 [@ufaslquticglpip]
0 seconds for "Agregar date_creation a glpi_rules" @ 2018-02-08 14:15:28 [@ufaslquticglpip]
0 seconds for "Cambio del esquema de la base de datos - glpi_rules" @ 2018-02-08 14:15:28 [@ufaslquticglpip]
0 seconds for "Agregar date_mod a glpi_rulerightparameters" @ 2018-02-08 14:15:28 [@ufaslquticglpip]
0 seconds for "Cambio del esquema de la base de datos - glpi_rulerightparameters" @ 2018-02-08 14:15:28 [@ufaslquticglpip]
0 seconds for "Agregar date_creation a glpi_rulerightparameters" @ 2018-02-08 14:15:28 [@ufaslquticglpip]
0 seconds for "Cambio del esquema de la base de datos - glpi_rulerightparameters" @ 2018-02-08 14:15:28 [@ufaslquticglpip]
0 seconds for "Agregar date_creation a glpi_slas" @ 2018-02-08 14:15:28 [@ufaslquticglpip]
0 seconds for "Cambio del esquema de la base de datos - glpi_slas" @ 2018-02-08 14:15:28 [@ufaslquticglpip]
0 seconds for "Agregar date_mod a glpi_softwarelicensetypes" @ 2018-02-08 14:15:28 [@ufaslquticglpip]
0 seconds for "Cambio del esquema de la base de datos - glpi_softwarelicensetypes" @ 2018-02-08 14:15:28 [@ufaslquticglpip]
0 seconds for "Agregar date_creation a glpi_softwarelicensetypes" @ 2018-02-08 14:15:28 [@ufaslquticglpip]
0 seconds for "Cambio del esquema de la base de datos - glpi_softwarelicensetypes" @ 2018-02-08 14:15:28 [@ufaslquticglpip]
0 seconds for "Agregar date_mod a glpi_softwareversions" @ 2018-02-08 14:15:28 [@ufaslquticglpip]
0 seconds for "Cambio del esquema de la base de datos - glpi_softwareversions" @ 2018-02-08 14:15:28 [@ufaslquticglpip]
0 seconds for "Agregar date_creation a glpi_softwareversions" @ 2018-02-08 14:15:28 [@ufaslquticglpip]
0 seconds for "Cambio del esquema de la base de datos - glpi_softwareversions" @ 2018-02-08 14:15:28 [@ufaslquticglpip]
0 seconds for "Agregar date_mod a glpi_solutiontemplates" @ 2018-02-08 14:15:28 [@ufaslquticglpip]
0 seconds for "Cambio del esquema de la base de datos - glpi_solutiontemplates" @ 2018-02-08 14:15:28 [@ufaslquticglpip]
0 seconds for "Agregar date_creation a glpi_solutiontemplates" @ 2018-02-08 14:15:28 [@ufaslquticglpip]
0 seconds for "Cambio del esquema de la base de datos - glpi_solutiontemplates" @ 2018-02-08 14:15:28 [@ufaslquticglpip]
0 seconds for "Agregar date_mod a glpi_solutiontypes" @ 2018-02-08 14:15:28 [@ufaslquticglpip]
0 seconds for "Cambio del esquema de la base de datos - glpi_solutiontypes" @ 2018-02-08 14:15:28 [@ufaslquticglpip]
0 seconds for "Agregar date_creation a glpi_solutiontypes" @ 2018-02-08 14:15:28 [@ufaslquticglpip]
0 seconds for "Cambio del esquema de la base de datos - glpi_solutiontypes" @ 2018-02-08 14:15:28 [@ufaslquticglpip]
0 seconds for "Agregar date_mod a glpi_ssovariables" @ 2018-02-08 14:15:28 [@ufaslquticglpip]
0 seconds for "Cambio del esquema de la base de datos - glpi_ssovariables" @ 2018-02-08 14:15:28 [@ufaslquticglpip]
0 seconds for "Agregar date_creation a glpi_ssovariables" @ 2018-02-08 14:15:28 [@ufaslquticglpip]
0 seconds for "Cambio del esquema de la base de datos - glpi_ssovariables" @ 2018-02-08 14:15:28 [@ufaslquticglpip]
0 seconds for "Agregar date_mod a glpi_states" @ 2018-02-08 14:15:28 [@ufaslquticglpip]
0 seconds for "Cambio del esquema de la base de datos - glpi_states" @ 2018-02-08 14:15:28 [@ufaslquticglpip]
0 seconds for "Agregar date_creation a glpi_states" @ 2018-02-08 14:15:28 [@ufaslquticglpip]
0 seconds for "Cambio del esquema de la base de datos - glpi_states" @ 2018-02-08 14:15:28 [@ufaslquticglpip]
0 seconds for "Agregar date_mod a glpi_suppliers" @ 2018-02-08 14:15:28 [@ufaslquticglpip]
0 seconds for "Cambio del esquema de la base de datos - glpi_suppliers" @ 2018-02-08 14:15:28 [@ufaslquticglpip]
0 seconds for "Agregar date_creation a glpi_suppliers" @ 2018-02-08 14:15:28 [@ufaslquticglpip]
0 seconds for "Cambio del esquema de la base de datos - glpi_suppliers" @ 2018-02-08 14:15:28 [@ufaslquticglpip]
0 seconds for "Agregar date_mod a glpi_suppliertypes" @ 2018-02-08 14:15:28 [@ufaslquticglpip]
0 seconds for "Cambio del esquema de la base de datos - glpi_suppliertypes" @ 2018-02-08 14:15:28 [@ufaslquticglpip]
0 seconds for "Agregar date_creation a glpi_suppliertypes" @ 2018-02-08 14:15:28 [@ufaslquticglpip]
0 seconds for "Cambio del esquema de la base de datos - glpi_suppliertypes" @ 2018-02-08 14:15:28 [@ufaslquticglpip]
0 seconds for "Agregar date_mod a glpi_taskcategories" @ 2018-02-08 14:15:28 [@ufaslquticglpip]
0 seconds for "Cambio del esquema de la base de datos - glpi_taskcategories" @ 2018-02-08 14:15:28 [@ufaslquticglpip]
0 seconds for "Agregar date_creation a glpi_taskcategories" @ 2018-02-08 14:15:28 [@ufaslquticglpip]
0 seconds for "Cambio del esquema de la base de datos - glpi_taskcategories" @ 2018-02-08 14:15:28 [@ufaslquticglpip]
0 seconds for "Agregar date_mod a glpi_tasktemplates" @ 2018-02-08 14:15:28 [@ufaslquticglpip]
0 seconds for "Cambio del esquema de la base de datos - glpi_tasktemplates" @ 2018-02-08 14:15:28 [@ufaslquticglpip]
0 seconds for "Agregar date_creation a glpi_tasktemplates" @ 2018-02-08 14:15:28 [@ufaslquticglpip]
0 seconds for "Cambio del esquema de la base de datos - glpi_tasktemplates" @ 2018-02-08 14:15:28 [@ufaslquticglpip]
0 seconds for "Agregar date_creation a glpi_tickets" @ 2018-02-08 14:15:28 [@ufaslquticglpip]
0 seconds for "Cambio del esquema de la base de datos - glpi_tickets" @ 2018-02-08 14:15:28 [@ufaslquticglpip]
0 seconds for "Agregar date_mod a glpi_ticketfollowups" @ 2018-02-08 14:15:28 [@ufaslquticglpip]
0 seconds for "Cambio del esquema de la base de datos - glpi_ticketfollowups" @ 2018-02-08 14:15:28 [@ufaslquticglpip]
0 seconds for "Agregar date_creation a glpi_ticketfollowups" @ 2018-02-08 14:15:28 [@ufaslquticglpip]
0 seconds for "Cambio del esquema de la base de datos - glpi_ticketfollowups" @ 2018-02-08 14:15:28 [@ufaslquticglpip]
0 seconds for "Agregar date_mod a glpi_tickettasks" @ 2018-02-08 14:15:28 [@ufaslquticglpip]
0 seconds for "Cambio del esquema de la base de datos - glpi_tickettasks" @ 2018-02-08 14:15:28 [@ufaslquticglpip]
0 seconds for "Agregar date_creation a glpi_tickettasks" @ 2018-02-08 14:15:28 [@ufaslquticglpip]
0 seconds for "Cambio del esquema de la base de datos - glpi_tickettasks" @ 2018-02-08 14:15:28 [@ufaslquticglpip]
0 seconds for "Agregar date_creation a glpi_users" @ 2018-02-08 14:15:28 [@ufaslquticglpip]
0 seconds for "Cambio del esquema de la base de datos - glpi_users" @ 2018-02-08 14:15:28 [@ufaslquticglpip]
0 seconds for "Agregar date_mod a glpi_usercategories" @ 2018-02-08 14:15:28 [@ufaslquticglpip]
0 seconds for "Cambio del esquema de la base de datos - glpi_usercategories" @ 2018-02-08 14:15:28 [@ufaslquticglpip]
0 seconds for "Agregar date_creation a glpi_usercategories" @ 2018-02-08 14:15:28 [@ufaslquticglpip]
0 seconds for "Cambio del esquema de la base de datos - glpi_usercategories" @ 2018-02-08 14:15:28 [@ufaslquticglpip]
0 seconds for "Agregar date_mod a glpi_usertitles" @ 2018-02-08 14:15:28 [@ufaslquticglpip]
0 seconds for "Cambio del esquema de la base de datos - glpi_usertitles" @ 2018-02-08 14:15:28 [@ufaslquticglpip]
0 seconds for "Agregar date_creation a glpi_usertitles" @ 2018-02-08 14:15:28 [@ufaslquticglpip]
0 seconds for "Cambio del esquema de la base de datos - glpi_usertitles" @ 2018-02-08 14:15:28 [@ufaslquticglpip]
0 seconds for "Agregar date_mod a glpi_virtualmachinestates" @ 2018-02-08 14:15:28 [@ufaslquticglpip]
0 seconds for "Cambio del esquema de la base de datos - glpi_virtualmachinestates" @ 2018-02-08 14:15:28 [@ufaslquticglpip]
0 seconds for "Agregar date_creation a glpi_virtualmachinestates" @ 2018-02-08 14:15:28 [@ufaslquticglpip]
0 seconds for "Cambio del esquema de la base de datos - glpi_virtualmachinestates" @ 2018-02-08 14:15:28 [@ufaslquticglpip]
0 seconds for "Agregar date_mod a glpi_virtualmachinesystems" @ 2018-02-08 14:15:28 [@ufaslquticglpip]
0 seconds for "Cambio del esquema de la base de datos - glpi_virtualmachinesystems" @ 2018-02-08 14:15:28 [@ufaslquticglpip]
0 seconds for "Agregar date_creation a glpi_virtualmachinesystems" @ 2018-02-08 14:15:28 [@ufaslquticglpip]
0 seconds for "Cambio del esquema de la base de datos - glpi_virtualmachinesystems" @ 2018-02-08 14:15:28 [@ufaslquticglpip]
0 seconds for "Agregar date_mod a glpi_virtualmachinetypes" @ 2018-02-08 14:15:28 [@ufaslquticglpip]
0 seconds for "Cambio del esquema de la base de datos - glpi_virtualmachinetypes" @ 2018-02-08 14:15:28 [@ufaslquticglpip]
0 seconds for "Agregar date_creation a glpi_virtualmachinetypes" @ 2018-02-08 14:15:28 [@ufaslquticglpip]
0 seconds for "Cambio del esquema de la base de datos - glpi_virtualmachinetypes" @ 2018-02-08 14:15:28 [@ufaslquticglpip]
0 seconds for "Agregar date_mod a glpi_vlans" @ 2018-02-08 14:15:28 [@ufaslquticglpip]
0 seconds for "Cambio del esquema de la base de datos - glpi_vlans" @ 2018-02-08 14:15:28 [@ufaslquticglpip]
0 seconds for "Agregar date_creation a glpi_vlans" @ 2018-02-08 14:15:28 [@ufaslquticglpip]
0 seconds for "Cambio del esquema de la base de datos - glpi_vlans" @ 2018-02-08 14:15:28 [@ufaslquticglpip]
0 seconds for "Agregar date_mod a glpi_wifinetworks" @ 2018-02-08 14:15:28 [@ufaslquticglpip]
0 seconds for "Cambio del esquema de la base de datos - glpi_wifinetworks" @ 2018-02-08 14:15:28 [@ufaslquticglpip]
0 seconds for "Agregar date_creation a glpi_wifinetworks" @ 2018-02-08 14:15:28 [@ufaslquticglpip]
0 seconds for "Cambio del esquema de la base de datos - glpi_wifinetworks" @ 2018-02-08 14:15:28 [@ufaslquticglpip]
0 seconds for "Agregar date_mod a glpi_cartridges" @ 2018-02-08 14:15:28 [@ufaslquticglpip]
0 seconds for "Cambio del esquema de la base de datos - glpi_cartridges" @ 2018-02-08 14:15:28 [@ufaslquticglpip]
0 seconds for "Agregar date_creation a glpi_cartridges" @ 2018-02-08 14:15:28 [@ufaslquticglpip]
0 seconds for "Cambio del esquema de la base de datos - glpi_cartridges" @ 2018-02-08 14:15:28 [@ufaslquticglpip]
0 seconds for "Agregar date_mod a glpi_cartridgeitems" @ 2018-02-08 14:15:28 [@ufaslquticglpip]
0 seconds for "Cambio del esquema de la base de datos - glpi_cartridgeitems" @ 2018-02-08 14:15:28 [@ufaslquticglpip]
0 seconds for "Agregar date_creation a glpi_cartridgeitems" @ 2018-02-08 14:15:28 [@ufaslquticglpip]
0 seconds for "Cambio del esquema de la base de datos - glpi_cartridgeitems" @ 2018-02-08 14:15:28 [@ufaslquticglpip]
0 seconds for "Agregar date_creation a glpi_computers" @ 2018-02-08 14:15:28 [@ufaslquticglpip]
0 seconds for "Cambio del esquema de la base de datos - glpi_computers" @ 2018-02-08 14:15:28 [@ufaslquticglpip]
0 seconds for "Agregar date_mod a glpi_consumables" @ 2018-02-08 14:15:28 [@ufaslquticglpip]
0 seconds for "Cambio del esquema de la base de datos - glpi_consumables" @ 2018-02-08 14:15:28 [@ufaslquticglpip]
0 seconds for "Agregar date_creation a glpi_consumables" @ 2018-02-08 14:15:28 [@ufaslquticglpip]
0 seconds for "Cambio del esquema de la base de datos - glpi_consumables" @ 2018-02-08 14:15:28 [@ufaslquticglpip]
0 seconds for "Agregar date_mod a glpi_consumableitems" @ 2018-02-08 14:15:28 [@ufaslquticglpip]
0 seconds for "Cambio del esquema de la base de datos - glpi_consumableitems" @ 2018-02-08 14:15:28 [@ufaslquticglpip]
0 seconds for "Agregar date_creation a glpi_consumableitems" @ 2018-02-08 14:15:28 [@ufaslquticglpip]
0 seconds for "Cambio del esquema de la base de datos - glpi_consumableitems" @ 2018-02-08 14:15:28 [@ufaslquticglpip]
0 seconds for "Agregar date_creation a glpi_monitors" @ 2018-02-08 14:15:28 [@ufaslquticglpip]
0 seconds for "Cambio del esquema de la base de datos - glpi_monitors" @ 2018-02-08 14:15:28 [@ufaslquticglpip]
0 seconds for "Agregar date_creation a glpi_networkequipments" @ 2018-02-08 14:15:28 [@ufaslquticglpip]
0 seconds for "Cambio del esquema de la base de datos - glpi_networkequipments" @ 2018-02-08 14:15:28 [@ufaslquticglpip]
0 seconds for "Agregar date_creation a glpi_peripherals" @ 2018-02-08 14:15:28 [@ufaslquticglpip]
0 seconds for "Cambio del esquema de la base de datos - glpi_peripherals" @ 2018-02-08 14:15:28 [@ufaslquticglpip]
0 seconds for "Agregar date_creation a glpi_phones" @ 2018-02-08 14:15:28 [@ufaslquticglpip]
0 seconds for "Cambio del esquema de la base de datos - glpi_phones" @ 2018-02-08 14:15:28 [@ufaslquticglpip]
0 seconds for "Agregar date_creation a glpi_printers" @ 2018-02-08 14:15:28 [@ufaslquticglpip]
0 seconds for "Cambio del esquema de la base de datos - glpi_printers" @ 2018-02-08 14:15:28 [@ufaslquticglpip]
0 seconds for "Agregar date_creation a glpi_softwares" @ 2018-02-08 14:15:28 [@ufaslquticglpip]
0 seconds for "Cambio del esquema de la base de datos - glpi_softwares" @ 2018-02-08 14:15:28 [@ufaslquticglpip]
0 seconds for "Agregar date_creation a glpi_softwarelicenses" @ 2018-02-08 14:15:28 [@ufaslquticglpip]
0 seconds for "Cambio del esquema de la base de datos - glpi_softwarelicenses" @ 2018-02-08 14:15:28 [@ufaslquticglpip]
0 seconds for "Agregar date_mod a glpi_computermodels" @ 2018-02-08 14:15:28 [@ufaslquticglpip]
0 seconds for "Cambio del esquema de la base de datos - glpi_computermodels" @ 2018-02-08 14:15:28 [@ufaslquticglpip]
0 seconds for "Agregar date_creation a glpi_computermodels" @ 2018-02-08 14:15:28 [@ufaslquticglpip]
0 seconds for "Cambio del esquema de la base de datos - glpi_computermodels" @ 2018-02-08 14:15:28 [@ufaslquticglpip]
0 seconds for "Agregar date_mod a glpi_computertypes" @ 2018-02-08 14:15:28 [@ufaslquticglpip]
0 seconds for "Cambio del esquema de la base de datos - glpi_computertypes" @ 2018-02-08 14:15:28 [@ufaslquticglpip]
0 seconds for "Agregar date_creation a glpi_computertypes" @ 2018-02-08 14:15:28 [@ufaslquticglpip]
0 seconds for "Cambio del esquema de la base de datos - glpi_computertypes" @ 2018-02-08 14:15:28 [@ufaslquticglpip]
0 seconds for "Agregar date_mod a glpi_monitormodels" @ 2018-02-08 14:15:28 [@ufaslquticglpip]
0 seconds for "Cambio del esquema de la base de datos - glpi_monitormodels" @ 2018-02-08 14:15:28 [@ufaslquticglpip]
0 seconds for "Agregar date_creation a glpi_monitormodels" @ 2018-02-08 14:15:28 [@ufaslquticglpip]
0 seconds for "Cambio del esquema de la base de datos - glpi_monitormodels" @ 2018-02-08 14:15:28 [@ufaslquticglpip]
0 seconds for "Agregar date_mod a glpi_monitortypes" @ 2018-02-08 14:15:28 [@ufaslquticglpip]
0 seconds for "Cambio del esquema de la base de datos - glpi_monitortypes" @ 2018-02-08 14:15:28 [@ufaslquticglpip]
0 seconds for "Agregar date_creation a glpi_monitortypes" @ 2018-02-08 14:15:28 [@ufaslquticglpip]
0 seconds for "Cambio del esquema de la base de datos - glpi_monitortypes" @ 2018-02-08 14:15:28 [@ufaslquticglpip]
0 seconds for "Agregar date_mod a glpi_networkequipmentmodels" @ 2018-02-08 14:15:28 [@ufaslquticglpip]
0 seconds for "Cambio del esquema de la base de datos - glpi_networkequipmentmodels" @ 2018-02-08 14:15:28 [@ufaslquticglpip]
0 seconds for "Agregar date_creation a glpi_networkequipmentmodels" @ 2018-02-08 14:15:28 [@ufaslquticglpip]
0 seconds for "Cambio del esquema de la base de datos - glpi_networkequipmentmodels" @ 2018-02-08 14:15:28 [@ufaslquticglpip]
0 seconds for "Agregar date_mod a glpi_networkequipmenttypes" @ 2018-02-08 14:15:28 [@ufaslquticglpip]
0 seconds for "Cambio del esquema de la base de datos - glpi_networkequipmenttypes" @ 2018-02-08 14:15:28 [@ufaslquticglpip]
0 seconds for "Agregar date_creation a glpi_networkequipmenttypes" @ 2018-02-08 14:15:28 [@ufaslquticglpip]
0 seconds for "Cambio del esquema de la base de datos - glpi_networkequipmenttypes" @ 2018-02-08 14:15:28 [@ufaslquticglpip]
0 seconds for "Agregar date_mod a glpi_operatingsystems" @ 2018-02-08 14:15:28 [@ufaslquticglpip]
0 seconds for "Cambio del esquema de la base de datos - glpi_operatingsystems" @ 2018-02-08 14:15:28 [@ufaslquticglpip]
0 seconds for "Agregar date_creation a glpi_operatingsystems" @ 2018-02-08 14:15:28 [@ufaslquticglpip]
0 seconds for "Cambio del esquema de la base de datos - glpi_operatingsystems" @ 2018-02-08 14:15:28 [@ufaslquticglpip]
0 seconds for "Agregar date_mod a glpi_operatingsystemservicepacks" @ 2018-02-08 14:15:28 [@ufaslquticglpip]
0 seconds for "Cambio del esquema de la base de datos - glpi_operatingsystemservicepacks" @ 2018-02-08 14:15:28 [@ufaslquticglpip]
0 seconds for "Agregar date_creation a glpi_operatingsystemservicepacks" @ 2018-02-08 14:15:28 [@ufaslquticglpip]
0 seconds for "Cambio del esquema de la base de datos - glpi_operatingsystemservicepacks" @ 2018-02-08 14:15:28 [@ufaslquticglpip]
0 seconds for "Agregar date_mod a glpi_operatingsystemversions" @ 2018-02-08 14:15:28 [@ufaslquticglpip]
0 seconds for "Cambio del esquema de la base de datos - glpi_operatingsystemversions" @ 2018-02-08 14:15:28 [@ufaslquticglpip]
0 seconds for "Agregar date_creation a glpi_operatingsystemversions" @ 2018-02-08 14:15:28 [@ufaslquticglpip]
0 seconds for "Cambio del esquema de la base de datos - glpi_operatingsystemversions" @ 2018-02-08 14:15:28 [@ufaslquticglpip]
0 seconds for "Agregar date_mod a glpi_peripheralmodels" @ 2018-02-08 14:15:28 [@ufaslquticglpip]
0 seconds for "Cambio del esquema de la base de datos - glpi_peripheralmodels" @ 2018-02-08 14:15:28 [@ufaslquticglpip]
0 seconds for "Agregar date_creation a glpi_peripheralmodels" @ 2018-02-08 14:15:28 [@ufaslquticglpip]
0 seconds for "Cambio del esquema de la base de datos - glpi_peripheralmodels" @ 2018-02-08 14:15:28 [@ufaslquticglpip]
0 seconds for "Agregar date_mod a glpi_peripheraltypes" @ 2018-02-08 14:15:28 [@ufaslquticglpip]
0 seconds for "Cambio del esquema de la base de datos - glpi_peripheraltypes" @ 2018-02-08 14:15:28 [@ufaslquticglpip]
0 seconds for "Agregar date_creation a glpi_peripheraltypes" @ 2018-02-08 14:15:28 [@ufaslquticglpip]
0 seconds for "Cambio del esquema de la base de datos - glpi_peripheraltypes" @ 2018-02-08 14:15:28 [@ufaslquticglpip]
0 seconds for "Agregar date_mod a glpi_phonemodels" @ 2018-02-08 14:15:28 [@ufaslquticglpip]
0 seconds for "Cambio del esquema de la base de datos - glpi_phonemodels" @ 2018-02-08 14:15:28 [@ufaslquticglpip]
0 seconds for "Agregar date_creation a glpi_phonemodels" @ 2018-02-08 14:15:28 [@ufaslquticglpip]
0 seconds for "Cambio del esquema de la base de datos - glpi_phonemodels" @ 2018-02-08 14:15:28 [@ufaslquticglpip]
0 seconds for "Agregar date_mod a glpi_phonetypes" @ 2018-02-08 14:15:28 [@ufaslquticglpip]
0 seconds for "Cambio del esquema de la base de datos - glpi_phonetypes" @ 2018-02-08 14:15:28 [@ufaslquticglpip]
0 seconds for "Agregar date_creation a glpi_phonetypes" @ 2018-02-08 14:15:28 [@ufaslquticglpip]
0 seconds for "Cambio del esquema de la base de datos - glpi_phonetypes" @ 2018-02-08 14:15:28 [@ufaslquticglpip]
0 seconds for "Agregar date_mod a glpi_printermodels" @ 2018-02-08 14:15:28 [@ufaslquticglpip]
0 seconds for "Cambio del esquema de la base de datos - glpi_printermodels" @ 2018-02-08 14:15:28 [@ufaslquticglpip]
0 seconds for "Agregar date_creation a glpi_printermodels" @ 2018-02-08 14:15:28 [@ufaslquticglpip]
0 seconds for "Cambio del esquema de la base de datos - glpi_printermodels" @ 2018-02-08 14:15:28 [@ufaslquticglpip]
0 seconds for "Agregar date_mod a glpi_printertypes" @ 2018-02-08 14:15:28 [@ufaslquticglpip]
0 seconds for "Cambio del esquema de la base de datos - glpi_printertypes" @ 2018-02-08 14:15:28 [@ufaslquticglpip]
0 seconds for "Agregar date_creation a glpi_printertypes" @ 2018-02-08 14:15:28 [@ufaslquticglpip]
0 seconds for "Cambio del esquema de la base de datos - glpi_printertypes" @ 2018-02-08 14:15:28 [@ufaslquticglpip]
0 seconds for "Agregar date_mod a glpi_devicemotherboards" @ 2018-02-08 14:15:28 [@ufaslquticglpip]
0 seconds for "Cambio del esquema de la base de datos - glpi_devicemotherboards" @ 2018-02-08 14:15:28 [@ufaslquticglpip]
0 seconds for "Agregar date_creation a glpi_devicemotherboards" @ 2018-02-08 14:15:28 [@ufaslquticglpip]
0 seconds for "Cambio del esquema de la base de datos - glpi_devicemotherboards" @ 2018-02-08 14:15:28 [@ufaslquticglpip]
0 seconds for "Agregar date_mod a glpi_deviceprocessors" @ 2018-02-08 14:15:28 [@ufaslquticglpip]
0 seconds for "Cambio del esquema de la base de datos - glpi_deviceprocessors" @ 2018-02-08 14:15:28 [@ufaslquticglpip]
0 seconds for "Agregar date_creation a glpi_deviceprocessors" @ 2018-02-08 14:15:28 [@ufaslquticglpip]
0 seconds for "Cambio del esquema de la base de datos - glpi_deviceprocessors" @ 2018-02-08 14:15:28 [@ufaslquticglpip]
0 seconds for "Agregar date_mod a glpi_devicememories" @ 2018-02-08 14:15:28 [@ufaslquticglpip]
0 seconds for "Cambio del esquema de la base de datos - glpi_devicememories" @ 2018-02-08 14:15:28 [@ufaslquticglpip]
0 seconds for "Agregar date_creation a glpi_devicememories" @ 2018-02-08 14:15:28 [@ufaslquticglpip]
0 seconds for "Cambio del esquema de la base de datos - glpi_devicememories" @ 2018-02-08 14:15:28 [@ufaslquticglpip]
0 seconds for "Agregar date_mod a glpi_deviceharddrives" @ 2018-02-08 14:15:28 [@ufaslquticglpip]
0 seconds for "Cambio del esquema de la base de datos - glpi_deviceharddrives" @ 2018-02-08 14:15:28 [@ufaslquticglpip]
0 seconds for "Agregar date_creation a glpi_deviceharddrives" @ 2018-02-08 14:15:28 [@ufaslquticglpip]
0 seconds for "Cambio del esquema de la base de datos - glpi_deviceharddrives" @ 2018-02-08 14:15:28 [@ufaslquticglpip]
0 seconds for "Agregar date_mod a glpi_devicenetworkcards" @ 2018-02-08 14:15:29 [@ufaslquticglpip]
1 second for "Cambio del esquema de la base de datos - glpi_devicenetworkcards" @ 2018-02-08 14:15:29 [@ufaslquticglpip]
0 seconds for "Agregar date_creation a glpi_devicenetworkcards" @ 2018-02-08 14:15:29 [@ufaslquticglpip]
0 seconds for "Cambio del esquema de la base de datos - glpi_devicenetworkcards" @ 2018-02-08 14:15:29 [@ufaslquticglpip]
0 seconds for "Agregar date_mod a glpi_devicedrives" @ 2018-02-08 14:15:29 [@ufaslquticglpip]
0 seconds for "Cambio del esquema de la base de datos - glpi_devicedrives" @ 2018-02-08 14:15:29 [@ufaslquticglpip]
0 seconds for "Agregar date_creation a glpi_devicedrives" @ 2018-02-08 14:15:29 [@ufaslquticglpip]
0 seconds for "Cambio del esquema de la base de datos - glpi_devicedrives" @ 2018-02-08 14:15:29 [@ufaslquticglpip]
0 seconds for "Agregar date_mod a glpi_devicegraphiccards" @ 2018-02-08 14:15:29 [@ufaslquticglpip]
0 seconds for "Cambio del esquema de la base de datos - glpi_devicegraphiccards" @ 2018-02-08 14:15:29 [@ufaslquticglpip]
0 seconds for "Agregar date_creation a glpi_devicegraphiccards" @ 2018-02-08 14:15:29 [@ufaslquticglpip]
0 seconds for "Cambio del esquema de la base de datos - glpi_devicegraphiccards" @ 2018-02-08 14:15:29 [@ufaslquticglpip]
0 seconds for "Agregar date_mod a glpi_devicesoundcards" @ 2018-02-08 14:15:29 [@ufaslquticglpip]
0 seconds for "Cambio del esquema de la base de datos - glpi_devicesoundcards" @ 2018-02-08 14:15:29 [@ufaslquticglpip]
0 seconds for "Agregar date_creation a glpi_devicesoundcards" @ 2018-02-08 14:15:29 [@ufaslquticglpip]
0 seconds for "Cambio del esquema de la base de datos - glpi_devicesoundcards" @ 2018-02-08 14:15:29 [@ufaslquticglpip]
0 seconds for "Agregar date_mod a glpi_devicecontrols" @ 2018-02-08 14:15:29 [@ufaslquticglpip]
0 seconds for "Cambio del esquema de la base de datos - glpi_devicecontrols" @ 2018-02-08 14:15:29 [@ufaslquticglpip]
0 seconds for "Agregar date_creation a glpi_devicecontrols" @ 2018-02-08 14:15:29 [@ufaslquticglpip]
0 seconds for "Cambio del esquema de la base de datos - glpi_devicecontrols" @ 2018-02-08 14:15:29 [@ufaslquticglpip]
0 seconds for "Agregar date_mod a glpi_devicepcis" @ 2018-02-08 14:15:29 [@ufaslquticglpip]
0 seconds for "Cambio del esquema de la base de datos - glpi_devicepcis" @ 2018-02-08 14:15:29 [@ufaslquticglpip]
0 seconds for "Agregar date_creation a glpi_devicepcis" @ 2018-02-08 14:15:29 [@ufaslquticglpip]
0 seconds for "Cambio del esquema de la base de datos - glpi_devicepcis" @ 2018-02-08 14:15:29 [@ufaslquticglpip]
0 seconds for "Agregar date_mod a glpi_devicecases" @ 2018-02-08 14:15:29 [@ufaslquticglpip]
0 seconds for "Cambio del esquema de la base de datos - glpi_devicecases" @ 2018-02-08 14:15:29 [@ufaslquticglpip]
0 seconds for "Agregar date_creation a glpi_devicecases" @ 2018-02-08 14:15:29 [@ufaslquticglpip]
0 seconds for "Cambio del esquema de la base de datos - glpi_devicecases" @ 2018-02-08 14:15:29 [@ufaslquticglpip]
0 seconds for "Agregar date_mod a glpi_devicepowersupplies" @ 2018-02-08 14:15:29 [@ufaslquticglpip]
0 seconds for "Cambio del esquema de la base de datos - glpi_devicepowersupplies" @ 2018-02-08 14:15:29 [@ufaslquticglpip]
0 seconds for "Agregar date_creation a glpi_devicepowersupplies" @ 2018-02-08 14:15:29 [@ufaslquticglpip]
0 seconds for "Cambio del esquema de la base de datos - glpi_devicepowersupplies" @ 2018-02-08 14:15:29 [@ufaslquticglpip]
0 seconds for "Agregar date_mod a glpi_networkportethernets" @ 2018-02-08 14:15:29 [@ufaslquticglpip]
0 seconds for "Cambio del esquema de la base de datos - glpi_networkportethernets" @ 2018-02-08 14:15:29 [@ufaslquticglpip]
0 seconds for "Agregar date_creation a glpi_networkportethernets" @ 2018-02-08 14:15:29 [@ufaslquticglpip]
0 seconds for "Cambio del esquema de la base de datos - glpi_networkportethernets" @ 2018-02-08 14:15:29 [@ufaslquticglpip]
0 seconds for "Agregar date_mod a glpi_networkportwifis" @ 2018-02-08 14:15:29 [@ufaslquticglpip]
0 seconds for "Cambio del esquema de la base de datos - glpi_networkportwifis" @ 2018-02-08 14:15:29 [@ufaslquticglpip]
0 seconds for "Agregar date_creation a glpi_networkportwifis" @ 2018-02-08 14:15:29 [@ufaslquticglpip]
0 seconds for "Cambio del esquema de la base de datos - glpi_networkportwifis" @ 2018-02-08 14:15:29 [@ufaslquticglpip]
0 seconds for "Agregar date_mod a glpi_networkportaggregates" @ 2018-02-08 14:15:29 [@ufaslquticglpip]
0 seconds for "Cambio del esquema de la base de datos - glpi_networkportaggregates" @ 2018-02-08 14:15:29 [@ufaslquticglpip]
0 seconds for "Agregar date_creation a glpi_networkportaggregates" @ 2018-02-08 14:15:29 [@ufaslquticglpip]
0 seconds for "Cambio del esquema de la base de datos - glpi_networkportaggregates" @ 2018-02-08 14:15:29 [@ufaslquticglpip]
0 seconds for "Agregar date_mod a glpi_networkportaliases" @ 2018-02-08 14:15:29 [@ufaslquticglpip]
0 seconds for "Cambio del esquema de la base de datos - glpi_networkportaliases" @ 2018-02-08 14:15:29 [@ufaslquticglpip]
0 seconds for "Agregar date_creation a glpi_networkportaliases" @ 2018-02-08 14:15:29 [@ufaslquticglpip]
0 seconds for "Cambio del esquema de la base de datos - glpi_networkportaliases" @ 2018-02-08 14:15:29 [@ufaslquticglpip]
0 seconds for "Agregar date_mod a glpi_networkportdialups" @ 2018-02-08 14:15:29 [@ufaslquticglpip]
0 seconds for "Cambio del esquema de la base de datos - glpi_networkportdialups" @ 2018-02-08 14:15:29 [@ufaslquticglpip]
0 seconds for "Agregar date_creation a glpi_networkportdialups" @ 2018-02-08 14:15:29 [@ufaslquticglpip]
0 seconds for "Cambio del esquema de la base de datos - glpi_networkportdialups" @ 2018-02-08 14:15:29 [@ufaslquticglpip]
0 seconds for "Agregar date_mod a glpi_networkportlocals" @ 2018-02-08 14:15:29 [@ufaslquticglpip]
0 seconds for "Cambio del esquema de la base de datos - glpi_networkportlocals" @ 2018-02-08 14:15:29 [@ufaslquticglpip]
0 seconds for "Agregar date_creation a glpi_networkportlocals" @ 2018-02-08 14:15:29 [@ufaslquticglpip]
0 seconds for "Cambio del esquema de la base de datos - glpi_networkportlocals" @ 2018-02-08 14:15:29 [@ufaslquticglpip]
0 seconds for "Agregar date_mod a glpi_networkportfiberchannels" @ 2018-02-08 14:15:29 [@ufaslquticglpip]
0 seconds for "Cambio del esquema de la base de datos - glpi_networkportfiberchannels" @ 2018-02-08 14:15:29 [@ufaslquticglpip]
0 seconds for "Agregar date_creation a glpi_networkportfiberchannels" @ 2018-02-08 14:15:29 [@ufaslquticglpip]
0 seconds for "Cambio del esquema de la base de datos - glpi_networkportfiberchannels" @ 2018-02-08 14:15:29 [@ufaslquticglpip]
0 seconds for "Migración de datos - glpi_displaypreferences" @ 2018-02-08 14:15:29 [@ufaslquticglpip]
0 seconds for "Cambio del esquema de la base de datos - glpi_slalevels" @ 2018-02-08 14:15:29 [@ufaslquticglpip]
0 seconds for "Cambio del esquema de la base de datos - glpi_tickets" @ 2018-02-08 14:15:29 [@ufaslquticglpip]
0 seconds for "Cambio del esquema de la base de datos - glpi_tickets" @ 2018-02-08 14:15:29 [@ufaslquticglpip]
0 seconds for "Cambio del esquema de la base de datos - glpi_computers_softwareversions" @ 2018-02-08 14:15:29 [@ufaslquticglpip]
0 seconds for "Cambio del esquema de la base de datos - glpi_tickettemplatepredefinedfields" @ 2018-02-08 14:15:29 [@ufaslquticglpip]
0 seconds for "Cambio del esquema de la base de datos - glpi_softwarelicenses" @ 2018-02-08 14:15:29 [@ufaslquticglpip]
0 seconds for "Cambio del esquema de la base de datos - glpi_infocoms" @ 2018-02-08 14:15:29 [@ufaslquticglpip]
0 seconds for "Cambio del esquema de la base de datos - glpi_entities" @ 2018-02-08 14:15:29 [@ufaslquticglpip]
0 seconds for "Cambio del esquema de la base de datos - glpi_states" @ 2018-02-08 14:15:29 [@ufaslquticglpip]
0 seconds for "Cambio del esquema de la base de datos - glpi_computers" @ 2018-02-08 14:15:29 [@ufaslquticglpip]
0 seconds for "Cambio del esquema de la base de datos - glpi_monitors" @ 2018-02-08 14:15:29 [@ufaslquticglpip]
0 seconds for "Cambio del esquema de la base de datos - glpi_phones" @ 2018-02-08 14:15:29 [@ufaslquticglpip]
0 seconds for "Cambio del esquema de la base de datos - glpi_peripherals" @ 2018-02-08 14:15:29 [@ufaslquticglpip]
0 seconds for "Cambio del esquema de la base de datos - glpi_authldaps" @ 2018-02-08 14:15:29 [@ufaslquticglpip]
0 seconds for "Cambio del esquema de la base de datos - glpi_slas" @ 2018-02-08 14:15:29 [@ufaslquticglpip]
0 seconds for "Cambio del esquema de la base de datos - glpi_slalevels" @ 2018-02-08 14:15:29 [@ufaslquticglpip]
0 seconds for "Cambio del esquema de la base de datos - glpi_tickets" @ 2018-02-08 14:15:29 [@ufaslquticglpip]
0 seconds for "Cambio del esquema de la base de datos - glpi_slalevels_tickets" @ 2018-02-08 14:15:29 [@ufaslquticglpip]
0 seconds for "Cambio del esquema de la base de datos - glpi_users" @ 2018-02-08 14:15:29 [@ufaslquticglpip]
0 seconds for "Cambio del esquema de la base de datos - glpi_tickettasks" @ 2018-02-08 14:15:29 [@ufaslquticglpip]
0 seconds for "Cambio del esquema de la base de datos - glpi_changetasks" @ 2018-02-08 14:15:29 [@ufaslquticglpip]
0 seconds for "Cambio del esquema de la base de datos - glpi_problemtasks" @ 2018-02-08 14:15:29 [@ufaslquticglpip]
0 seconds for "Cambio del esquema de la base de datos - glpi_groups" @ 2018-02-08 14:15:29 [@ufaslquticglpip]
0 seconds for "Cambio del esquema de la base de datos - glpi_taskcategories" @ 2018-02-08 14:15:29 [@ufaslquticglpip]
0 seconds for "Cambio del esquema de la base de datos - glpi_requesttypes" @ 2018-02-08 14:15:29 [@ufaslquticglpip]
0 seconds for "Proceso terminado" @ 