2018-02-08 14:15:31 [@ufaslquticglpip]
0 seconds for "Cambio del esquema de la base de datos - glpi_certificates" @ 2018-02-08 14:15:31 [@ufaslquticglpip]
0 seconds for "Cambio del esquema de la base de datos - glpi_items_operatingsystems" @ 2018-02-08 14:15:31 [@ufaslquticglpip]
0 seconds for "Cambio del esquema de la base de datos - glpi_tickets" @ 2018-02-08 14:15:31 [@ufaslquticglpip]
0 seconds for "Cambio del esquema de la base de datos - glpi_items_devicesimcards" @ 2018-02-08 14:15:31 [@ufaslquticglpip]
0 seconds for "Proceso terminado" @ 2018-02-08 14:15:31 [@ufaslquticglpip]
0 seconds for "optimizar - Inicio" @ 2018-02-08 14:15:31 [@ufaslquticglpip]
0 seconds for "optimizar - glpi_alerts" @ 2018-02-08 14:15:31 [@ufaslquticglpip]
0 seconds for "optimizar - glpi_apiclients" @ 2018-02-08 14:15:31 [@ufaslquticglpip]
0 seconds for "optimizar - glpi_authldapreplicates" @ 2018-02-08 14:15:31 [@ufaslquticglpip]
0 seconds for "optimizar - glpi_authldaps" @ 2018-02-08 14:15:31 [@ufaslquticglpip]
0 seconds for "optimizar - glpi_authmails" @ 2018-02-08 14:15:31 [@ufaslquticglpip]
0 seconds for "optimizar - glpi_autoupdatesystems" @ 2018-02-08 14:15:31 [@ufaslquticglpip]
0 seconds for "optimizar - glpi_blacklistedmailcontents" @ 2018-02-08 14:15:31 [@ufaslquticglpip]
0 seconds for "optimizar - glpi_blacklists" @ 2018-02-08 14:15:31 [@ufaslquticglpip]
0 seconds for "optimizar - glpi_budgets" @ 2018-02-08 14:15:31 [@ufaslquticglpip]
0 seconds for "optimizar - glpi_budgettypes" @ 2018-02-08 14:15:31 [@ufaslquticglpip]
0 seconds for "optimizar - glpi_businesscriticities" @ 2018-02-08 14:15:31 [@ufaslquticglpip]
0 seconds for "optimizar - glpi_calendars" @ 2018-02-08 14:15:31 [@ufaslquticglpip]
0 seconds for "optimizar - glpi_calendars_holidays" @ 2018-02-08 14:15:31 [@ufaslquticglpip]
0 seconds for "optimizar - glpi_calendarsegments" @ 2018-02-08 14:15:31 [@ufaslquticglpip]
0 seconds for "optimizar - glpi_cartridgeitems" @ 2018-02-08 14:15:31 [@ufaslquticglpip]
0 seconds for "optimizar - glpi_cartridgeitems_printermodels" @ 2018-02-08 14:15:31 [@ufaslquticglpip]
0 seconds for "optimizar - glpi_cartridgeitemtypes" @ 2018-02-08 14:15:31 [@ufaslquticglpip]
0 seconds for "optimizar - glpi_cartridges" @ 2018-02-08 14:15:31 [@ufaslquticglpip]
0 seconds for "optimizar - glpi_certificates" @ 2018-02-08 14:15:31 [@ufaslquticglpip]
0 seconds for "optimizar - glpi_certificates_items" @ 2018-02-08 14:15:31 [@ufaslquticglpip]
0 seconds for "optimizar - glpi_certificatetypes" @ 2018-02-08 14:15:31 [@ufaslquticglpip]
0 seconds for "optimizar - glpi_changecosts" @ 2018-02-08 14:15:31 [@ufaslquticglpip]
0 seconds for "optimizar - glpi_changes" @ 2018-02-08 14:15:31 [@ufaslquticglpip]
0 seconds for "optimizar - glpi_changes_groups" @ 2018-02-08 14:15:31 [@ufaslquticglpip]
0 seconds for "optimizar - glpi_changes_items" @ 2018-02-08 14:15:31 [@ufaslquticglpip]
0 seconds for "optimizar - glpi_changes_problems" @ 2018-02-08 14:15:31 [@ufaslquticglpip]
0 seconds for "optimizar - glpi_changes_projects" @ 2018-02-08 14:15:31 [@ufaslquticglpip]
0 seconds for "optimizar - glpi_changes_suppliers" @ 2018-02-08 14:15:31 [@ufaslquticglpip]
0 seconds for "optimizar - glpi_changes_tickets" @ 2018-02-08 14:15:31 [@ufaslquticglpip]
0 seconds for "optimizar - glpi_changes_users" @ 2018-02-08 14:15:31 [@ufaslquticglpip]
0 seconds for "optimizar - glpi_changetasks" @ 2018-02-08 14:15:31 [@ufaslquticglpip]
0 seconds for "optimizar - glpi_changevalidations" @ 2018-02-08 14:15:31 [@ufaslquticglpip]
0 seconds for "optimizar - glpi_computerantiviruses" @ 2018-02-08 14:15:31 [@ufaslquticglpip]
0 seconds for "optimizar - glpi_computerdisks" @ 2018-02-08 14:15:31 [@ufaslquticglpip]
0 seconds for "optimizar - glpi_computermodels" @ 2018-02-08 14:15:31 [@ufaslquticglpip]
0 seconds for "optimizar - glpi_computers" @ 2018-02-08 14:15:31 [@ufaslquticglpip]
0 seconds for "optimizar - glpi_computers_items" @ 2018-02-08 14:15:31 [@ufaslquticglpip]
0 seconds for "optimizar - glpi_computers_softwarelicenses" @ 2018-02-08 14:15:31 [@ufaslquticglpip]
0 seconds for "optimizar - glpi_computers_softwareversions" @ 2018-02-08 14:15:31 [@ufaslquticglpip]
0 seconds for "optimizar - glpi_computertypes" @ 2018-02-08 14:15:31 [@ufaslquticglpip]
0 seconds for "optimizar - glpi_computervirtualmachines" @ 2018-02-08 14:15:31 [@ufaslquticglpip]
0 seconds for "optimizar - glpi_configs" @ 2018-02-08 14:15:31 [@ufaslquticglpip]
0 seconds for "optimizar - glpi_consumableitems" @ 2018-02-08 14:15:31 [@ufaslquticglpip]
0 seconds for "optimizar - glpi_consumableitemtypes" @ 2018-02-08 14:15:31 [@ufaslquticglpip]
0 seconds for "optimizar - glpi_consumables" @ 2018-02-08 14:15:31 [@ufaslquticglpip]
0 seconds for "optimizar - glpi_contacts" @ 2018-02-08 14:15:31 [@ufaslquticglpip]
0 seconds for "optimizar - glpi_contacts_suppliers" @ 2018-02-08 14:15:31 [@ufaslquticglpip]
0 seconds for "optimizar - glpi_contacttypes" @ 2018-02-08 14:15:31 [@ufaslquticglpip]
0 seconds for "optimizar - glpi_contractcosts" @ 2018-02-08 14:15:31 [@ufaslquticglpip]
0 seconds for "optimizar - glpi_contracts" @ 2018-02-08 14:15:31 [@ufaslquticglpip]
0 seconds for "optimizar - glpi_contracts_items" @ 2018-02-08 14:15:31 [@ufaslquticglpip]
0 seconds for "optimizar - glpi_contracts_suppliers" @ 2018-02-08 14:15:31 [@ufaslquticglpip]
0 seconds for "optimizar - glpi_contracttypes" @ 2018-02-08 14:15:31 [@ufaslquticglpip]
0 seconds for "optimizar - glpi_crontasklogs" @ 2018-02-08 14:15:31 [@ufaslquticglpip]
0 seconds for "optimizar - glpi_crontasks" @ 2018-02-08 14:15:31 [@ufaslquticglpip]
0 seconds for "optimizar - glpi_devicebatteries" @ 2018-02-08 14:15:31 [@ufaslquticglpip]
0 seconds for "optimizar - glpi_devicebatterymodels" @ 2018-02-08 14:15:31 [@ufaslquticglpip]
0 seconds for "optimizar - glpi_devicebatterytypes" @ 2018-02-08 14:15:31 [@ufaslquticglpip]
0 seconds for "optimizar - glpi_devicecasemodels" @ 2018-02-08 14:15:31 [@ufaslquticglpip]
0 seconds for "optimizar - glpi_devicecases" @ 2018-02-08 14:15:31 [@ufaslquticglpip]
0 seconds for "optimizar - glpi_devicecasetypes" @ 2018-02-08 14:15:31 [@ufaslquticglpip]
0 seconds for "optimizar - glpi_devicecontrolmodels" @ 2018-02-08 14:15:31 [@ufaslquticglpip]
0 seconds for "optimizar - glpi_devicecontrols" @ 2018-02-08 14:15:31 [@ufaslquticglpip]
0 seconds for "optimizar - glpi_devicedrivemodels" @ 2018-02-08 14:15:31 [@ufaslquticglpip]
0 seconds for "optimizar - glpi_devicedrives" @ 2018-02-08 14:15:31 [@ufaslquticglpip]
0 seconds for "optimizar - glpi_devicefirmwaremodels" @ 2018-02-08 14:15:31 [@ufaslquticglpip]
0 seconds for "optimizar - glpi_devicefirmwares" @ 2018-02-08 14:15:31 [@ufaslquticglpip]
0 seconds for "optimizar - glpi_devicefirmwaretypes" @ 2018-02-08 14:15:31 [@ufaslquticglpip]
0 seconds for "optimizar - glpi_devicegenericmodels" @ 2018-02-08 14:15:31 [@ufaslquticglpip]
0 seconds for "optimizar - glpi_devicegenerics" @ 2018-02-08 14:15:31 [@ufaslquticglpip]
0 seconds for "optimizar - glpi_devicegenerictypes" @ 2018-02-08 14:15:31 [@ufaslquticglpip]
0 seconds for "optimizar - glpi_devicegraphiccardmodels" @ 2018-02-08 14:15:31 [@ufaslquticglpip]
0 seconds for "optimizar - glpi_devicegraphiccards" @ 2018-02-08 14:15:31 [@ufaslquticglpip]
0 seconds for "optimizar - glpi_deviceharddrivemodels" @ 2018-02-08 14:15:31 [@ufaslquticglpip]
0 seconds for "optimizar - glpi_deviceharddrives" @ 2018-02-08 14:15:31 [@ufaslquticglpip]
0 seconds for "optimizar - glpi_devicememories" @ 2018-02-08 14:15:31 [@ufaslquticglpip]
0 seconds for "optimizar - glpi_devicememorymodels" @ 2018-02-08 14:15:31 [@ufaslquticglpip]
0 seconds for "optimizar - glpi_devicememorytypes" @ 2018-02-08 14:15:31 [@ufaslquticglpip]
0 seconds for "optimizar - glpi_devicemotherboardmodels" @ 2018-02-08 14:15:31 [@ufaslquticglpip]
0 seconds for "optimizar - glpi_devicemotherboards" @ 2018-02-08 14:15:31 [@ufaslquticglpip]
0 seconds for "optimizar - glpi_devicenetworkcardmodels" @ 2018-02-08 14:15:31 [@ufaslquticglpip]
0 seconds for "optimizar - glpi_devicenetworkcards" @ 2018-02-08 14:15:31 [@ufaslquticglpip]
0 seconds for "optimizar - glpi_devicepcimodels" @ 2018-02-08 14:15:31 [@ufaslquticglpip]
0 seconds for "optimizar - glpi_devicepcis" @ 2018-02-08 14:15:31 [@ufaslquticglpip]
0 seconds for "optimizar - glpi_devicepowersupplies" @ 2018-02-08 14:15:31 [@ufaslquticglpip]
0 seconds for "optimizar - glpi_devicepowersupplymodels" @ 2018-02-08 14:15:31 [@ufaslquticglpip]
0 seconds for "optimizar - glpi_deviceprocessormodels" @ 2018-02-08 14:15:31 [@ufaslquticglpip]
0 seconds for "optimizar - glpi_deviceprocessors" @ 2018-02-08 14:15:31 [@ufaslquticglpip]
0 seconds for "optimizar - glpi_devicesensormodels" @ 2018-02-08 14:15:31 [@ufaslquticglpip]
0 seconds for "optimizar - glpi_devicesensors" @ 2018-02-08 14:15:31 [@ufaslquticglpip]
0 seconds for "optimizar - glpi_devicesensortypes" @ 2018-02-08 14:15:31 [@ufaslquticglpip]
0 seconds for "optimizar - glpi_devicesimcards" @ 2018-02-08 14:15:31 [@ufaslquticglpip]
0 seconds for "optimizar - glpi_devicesimcardtypes" @ 2018-02-08 14:15:31 [@ufaslquticglpip]
0 seconds for "optimizar - glpi_devicesoundcardmodels" @ 2018-02-08 14:15:31 [@ufaslquticglpip]
0 seconds for "optimizar - glpi_devicesoundcards" @ 2018-02-08 14:15:31 [@ufaslquticglpip]
0 seconds for "optimizar - glpi_displaypreferences" @ 2018-02-08 14:15:31 [@ufaslquticglpip]
0 seconds for "optimizar - glpi_documentcategories" @ 2018-02-08 14:15:31 [@ufaslquticglpip]
0 seconds for "optimizar - glpi_documents" @ 2018-02-08 14:15:31 [@ufaslquticglpip]
0 seconds for "optimizar - glpi_documents_items" @ 2018-02-08 14:15:31 [@ufaslquticglpip]
0 seconds for "optimizar - glpi_documenttypes" @ 2018-02-08 14:15:31 [@ufaslquticglpip]
0 seconds for "optimizar - glpi_domains" @ 2018-02-08 14:15:31 [@ufaslquticglpip]
0 seconds for "optimizar - glpi_dropdowntranslations" @ 2018-02-08 14:15:31 [@ufaslquticglpip]
0 seconds for "optimizar - glpi_entities" @ 2018-02-08 14:15:31 [@ufaslquticglpip]
0 seconds for "optimizar - glpi_entities_knowbaseitems" @ 2018-02-08 14:15:31 [@ufaslquticglpip]
0 seconds for "optimizar - glpi_entities_reminders" @ 2018-02-08 14:15:31 [@ufaslquticglpip]
0 seconds for "optimizar - glpi_entities_rssfeeds" @ 2018-02-08 14:15:31 [@ufaslquticglpip]
0 seconds for "optimizar - glpi_events" @ 2018-02-08 14:15:31 [@ufaslquticglpip]
0 seconds for "optimizar - glpi_fieldblacklists" @ 2018-02-08 14:15:31 [@ufaslquticglpip]
0 seconds for "optimizar - glpi_fieldunicities" @ 2018-02-08 14:15:31 [@ufaslquticglpip]
0 seconds for "optimizar - glpi_filesystems" @ 2018-02-08 14:15:31 [@ufaslquticglpip]
0 seconds for "optimizar - glpi_fqdns" @ 2018-02-08 14:15:31 [@ufaslquticglpip]
0 seconds for "optimizar - glpi_groups" @ 2018-02-08 14:15:31 [@ufaslquticglpip]
0 seconds for "optimizar - glpi_groups_knowbaseitems" @ 2018-02-08 14:15:31 [@ufaslquticglpip]
0 seconds for "optimizar - glpi_groups_problems" @ 2018-02-08 14:15:31 [@ufaslquticglpip]
0 seconds for "optimizar - glpi_groups_reminders" @ 2018-02-08 14:15:31 [@ufaslquticglpip]
0 seconds for "optimizar - glpi_groups_rssfeeds" @ 2018-02-08 14:15:31 [@ufaslquticglpip]
0 seconds for "optimizar - glpi_groups_tickets" @ 2018-02-08 14:15:31 [@ufaslquticglpip]
0 seconds for "optimizar - glpi_groups_users" @ 2018-02-08 14:15:31 [@ufaslquticglpip]
0 seconds for "optimizar - glpi_holidays" @ 2018-02-08 14:15:31 [@ufaslquticglpip]
0 seconds for "optimizar - glpi_infocoms" @ 2018-02-08 14:15:31 [@ufaslquticglpip]
0 seconds for "optimizar - glpi_interfacetypes" @ 2018-02-08 14:15:31 [@ufaslquticglpip]
0 seconds for "optimizar - glpi_ipaddresses" @ 2018-02-08 14:15:31 [@ufaslquticglpip]
0 seconds for "optimizar - glpi_ipaddresses_ipnetworks" @ 2018-02-08 14:15:31 [@ufaslquticglpip]
0 seconds for "optimizar - glpi_ipnetworks" @ 2018-02-08 14:15:31 [@ufaslquticglpip]
0 seconds for "optimizar - glpi_ipnetworks_vlans" @ 2018-02-08 14:15:31 [@ufaslquticglpip]
0 seconds for "optimizar - glpi_items_devicebatteries" @ 2018-02-08 14:15:31 [@ufaslquticglpip]
0 seconds for "optimizar - glpi_items_devicecases" @ 2018-02-08 14:15:31 [@ufaslquticglpip]
0 seconds for "optimizar - glpi_items_devicecontrols" @ 2018-02-08 14:15:31 [@ufaslquticglpip]
0 seconds for "optimizar - glpi_items_devicedrives" @ 2018-02-08 14:15:31 [@ufaslquticglpip]
0 seconds for "optimizar - glpi_items_devicefirmwares" @ 2018-02-08 14:15:31 [@ufaslquticglpip]
0 seconds for "optimizar - glpi_items_devicegenerics" @ 2018-02-08 14:15:31 [@ufaslquticglpip]
0 seconds for "optimizar - glpi_items_devicegraphiccards" @ 2018-02-08 14:15:31 [@ufaslquticglpip]
0 seconds for "optimizar - glpi_items_deviceharddrives" @ 2018-02-08 14:15:31 [@ufaslquticglpip]
0 seconds for "optimizar - glpi_items_devicememories" @ 2018-02-08 14:15:31 [@ufaslquticglpip]
0 seconds for "optimizar - glpi_items_devicemotherboards" @ 2018-02-08 14:15:31 [@ufaslquticglpip]
0 seconds for "optimizar - glpi_items_devicenetworkcards" @ 2018-02-08 14:15:31 [@ufaslquticglpip]
0 seconds for "optimizar - glpi_items_devicepcis" @ 2018-02-08 14:15:31 [@ufaslquticglpip]
0 seconds for "optimizar - glpi_items_devicepowersupplies" @ 2018-02-08 14:15:31 [@ufaslquticglpip]
0 seconds for "optimizar - glpi_items_deviceprocessors" @ 2018-02-08 14:15:31 [@ufaslquticglpip]
0 seconds for "optimizar - glpi_items_devicesensors" @ 2018-02-08 14:15:31 [@ufaslquticglpip]
0 seconds for "optimizar - glpi_items_devicesimcards" @ 2018-02-08 14:15:31 [@ufaslquticglpip]
0 seconds for "optimizar - glpi_items_devicesoundcards" @ 2018-02-08 14:15:31 [@ufaslquticglpip]
0 seconds for "optimizar - glpi_items_operatingsystems" @ 2018-02-08 14:15:31 [@ufaslquticglpip]
0 seconds for "optimizar - glpi_items_problems" @ 2018-02-08 14:15:31 [@ufaslquticglpip]
0 seconds for "optimizar - glpi_items_projects" @ 2018-02-08 14:15:31 [@ufaslquticglpip]
0 seconds for "optimizar - glpi_items_tickets" @ 2018-02-08 14:15:31 [@ufaslquticglpip]
0 seconds for "optimizar - glpi_itilcategories" @ 2018-02-08 14:15:31 [@ufaslquticglpip]
0 seconds for "optimizar - glpi_knowbaseitemcategories" @ 2018-02-08 14:15:31 [@ufaslquticglpip]
0 seconds for "optimizar - glpi_knowbaseitems" @ 2018-02-08 14:15:31 [@ufaslquticglpip]
0 seconds for "optimizar - glpi_knowbaseitems_comments" @ 2018-02-08 14:15:31 [@ufaslquticglpip]
0 seconds for "optimizar - glpi_knowbaseitems_items" @ 2018-02-08 14:15:31 [@ufaslquticglpip]
0 seconds for "optimizar - glpi_knowbaseitems_profiles" @ 2018-02-08 14:15:31 [@ufaslquticglpip]
0 seconds for "optimizar - glpi_knowbaseitems_revisions" @ 2018-02-08 14:15:31 [@ufaslquticglpip]
0 seconds for "optimizar - glpi_knowbaseitems_users" @ 2018-02-08 14:15:31 [@ufaslquticglpip]
0 seconds for "optimizar - glpi_knowbaseitemtranslations" @ 2018-02-08 14:15:31 [@ufaslquticglpip]
0 seconds for "optimizar - glpi_lineoperators" @ 2018-02-08 14:15:31 [@ufaslquticglpip]
0 seconds for "optimizar - glpi_lines" @ 2018-02-08 14:15:31 [@ufaslquticglpip]
0 seconds for "optimizar - glpi_linetypes" @ 2018-02-08 14:15:31 [@ufaslquticglpip]
0 seconds for "optimizar - glpi_links" @ 2018-02-08 14:15:31 [@ufaslquticglpip]
0 seconds for "optimizar - glpi_links_itemtypes" @ 2018-02-08 14:15:31 [@ufaslquticglpip]
0 seconds for "optimizar - glpi_locations" @ 2018-02-08 14:15:31 [@ufaslquticglpip]
0 seconds for "optimizar - glpi_logs" @ 2018-02-08 14:15:31 [@ufaslquticglpip]
0 seconds for "optimizar - glpi_mailcollectors" @ 2018-02-08 14:15:31 [@ufaslquticglpip]
0 seconds for "optimizar - glpi_manufacturers" @ 2018-02-08 14:15:31 [@ufaslquticglpip]
0 seconds for "optimizar - glpi_monitormodels" @ 2018-02-08 14:15:31 [@ufaslquticglpip]
0 seconds for "optimizar - glpi_monitors" @ 2018-02-08 14:15:31 [@ufaslquticglpip]
0 seconds for "optimizar - glpi_monitortypes" @ 2018-02-08 14:15:31 [@ufaslquticglpip]
0 seconds for "optimizar - glpi_netpoints" @ 2018-02-08 14:15:31 [@ufaslquticglpip]
0 seconds for "optimizar - glpi_networkaliases" @ 2018-02-08 14:15:31 [@ufaslquticglpip]
0 seconds for "optimizar - glpi_networkequipmentmodels" @ 2018-02-08 14:15:31 [@ufaslquticglpip]
0 seconds for "optimizar - glpi_networkequipments" @ 2018-02-08 14:15:31 [@ufaslquticglpip]
0 seconds for "optimizar - glpi_networkequipmenttypes" @ 2018-02-08 14:15:31 [@ufaslquticglpip]
0 seconds for "optimizar - glpi_networkinterfaces" @ 2018-02-08 14:15:31 [@ufaslquticglpip]
0 seconds for "optimizar - glpi_networknames" @ 2018-02-08 14:15:31 [@ufaslquticglpip]
0 seconds for "optimizar - glpi_networkportaggregates" @ 2018-02-08 14:15:31 [@ufaslquticglpip]
0 seconds for "optimizar - glpi_networkportaliases" @ 2018-02-08 14:15:31 [@ufaslquticglpip]
0 seconds for "optimizar - glpi_networkportdialups" @ 2018-02-08 14:15:31 [@ufaslquticglpip]
0 seconds for "optimizar - glpi_networkportethernets" @ 2018-02-08 14:15:31 [@ufaslquticglpip]
0 seconds for "optimizar - glpi_networkportfiberchannels" @ 2018-02-08 14:15:31 [@ufaslquticglpip]
0 seconds for "optimizar - glpi_networkportlocals" @ 2018-02-08 14:15:31 [@ufaslquticglpip]
0 seconds for "optimizar - glpi_networkports" @ 2018-02-08 14:15:31 [@ufaslquticglpip]
0 seconds for "optimizar - glpi_networkports_networkports" @ 2018-02-08 14:15:31 [@ufaslquticglpip]
0 seconds for "optimizar - glpi_networkports_vlans" @ 2018-02-08 14:15:31 [@ufaslquticglpip]
0 seconds for "optimizar - glpi_networkportwifis" @ 2018-02-08 14:15:31 [@ufaslquticglpip]
0 seconds for "optimizar - glpi_networks" @ 2018-02-08 14:15:31 [@ufaslquticglpip]
0 seconds for "optimizar - glpi_notepads" @ 2018-02-08 14:15:31 [@ufaslquticglpip]
0 seconds for "optimizar - glpi_notifications" @ 2018-02-08 14:15:31 [@ufaslquticglpip]
0 seconds for "optimizar - glpi_notifications_notificationtemplates" @ 2018-02-08 14:15:31 [@ufaslquticglpip]
0 seconds for "optimizar - glpi_notificationtargets" @ 2018-02-08 14:15:31 [@ufaslquticglpip]
0 seconds for "optimizar - glpi_notificationtemplates" @ 2018-02-08 14:15:31 [@ufaslquticglpip]
0 seconds for "optimizar - glpi_notificationtemplatetranslations" @ 2018-02-08 14:15:31 [@ufaslquticglpip]
0 seconds for "optimizar - glpi_notimportedemails" @ 2018-02-08 14:15:31 [@ufaslquticglpip]
0 seconds for "optimizar - glpi_objectlocks" @ 2018-02-08 14:15:31 [@ufaslquticglpip]
0 seconds for "optimizar - glpi_olalevelactions" @ 2018-02-08 14:15:31 [@ufaslquticglpip]
0 seconds for "optimizar - glpi_olalevelcriterias" @ 2018-02-08 14:15:31 [@ufaslquticglpip]
0 seconds for "optimizar - glpi_olalevels" @ 2018-02-08 14:15:31 [@ufaslquticglpip]
0 seconds for "optimizar - glpi_olalevels_tickets" @ 2018-02-08 14:15:31 [@ufaslquticglpip]
0 seconds for "optimizar - glpi_olas" @ 2018-02-08 14:15:31 [@ufaslquticglpip]
0 seconds for "optimizar - glpi_operatingsystemarchitectures" @ 2018-02-08 14:15:31 [@ufaslquticglpip]
0 seconds for "optimizar - glpi_operatingsystemeditions" @ 2018-02-08 14:15:31 [@ufaslquticglpip]
0 seconds for "optimizar - glpi_operatingsystemkernels" @ 2018-02-08 14:15:31 [@ufaslquticglpip]
0 seconds for "optimizar - glpi_operatingsystemkernelversions" @ 2018-02-08 14:15:31 [@ufaslquticglpip]
0 seconds for "optimizar - glpi_operatingsystems" @ 2018-02-08 14:15:31 [@ufaslquticglpip]
0 seconds for "optimizar - glpi_operatingsystemservicepacks" @ 2018-02-08 14:15:31 [@ufaslquticglpip]
0 seconds for "optimizar - glpi_operatingsystemversions" @ 2018-02-08 14:15:31 [@ufaslquticglpip]
0 seconds for "optimizar - glpi_peripheralmodels" @ 2018-02-08 14:15:31 [@ufaslquticglpip]
0 seconds for "optimizar - glpi_peripherals" @ 2018-02-08 14:15:31 [@ufaslquticglpip]
0 seconds for "optimizar - glpi_peripheraltypes" @ 2018-02-08 14:15:31 [@ufaslquticglpip]
0 seconds for "optimizar - glpi_phonemodels" @ 2018-02-08 14:15:31 [@ufaslquticglpip]
0 seconds for "optimizar - glpi_phonepowersupplies" @ 2018-02-08 14:15:31 [@ufaslquticglpip]
0 seconds for "optimizar - glpi_phones" @ 2018-02-08 14:15:31 [@ufaslquticglpip]
0 seconds for "optimizar - glpi_phonetypes" @ 2018-02-08 14:15:31 [@ufaslquticglpip]
0 seconds for "optimizar - glpi_planningrecalls" @ 2018-02-08 14:15:31 [@ufaslquticglpip]
0 seconds for "optimizar - glpi_plugins" @ 2018-02-08 14:15:31 [@ufaslquticglpip]
0 seconds for "optimizar - glpi_printermodels" @ 2018-02-08 14:15:31 [@ufaslquticglpip]
0 seconds for "optimizar - glpi_printers" @ 2018-02-08 14:15:31 [@ufaslquticglpip]
0 seconds for "optimizar - glpi_printertypes" @ 2018-02-08 14:15:31 [@ufaslquticglpip]
0 seconds for "optimizar - glpi_problemcosts" @ 2018-02-08 14:15:31 [@ufaslquticglpip]
0 seconds for "optimizar - glpi_problems" @ 2018-02-08 14:15:31 [@ufaslquticglpip]
0 seconds for "optimizar - glpi_problems_suppliers" @ 2018-02-08 14:15:31 [@ufaslquticglpip]
0 seconds for "optimizar - glpi_problems_tickets" @ 2018-02-08 14:15:31 [@ufaslquticglpip]
0 seconds for "optimizar - glpi_problems_users" @ 2018-02-08 14:15:31 [@ufaslquticglpip]
0 seconds for "optimizar - glpi_problemtasks" @ 2018-02-08 14:15:31 [@ufaslquticglpip]
0 seconds for "optimizar - glpi_profilerights" @ 2018-02-08 14:15:31 [@ufaslquticglpip]
0 seconds for "optimizar - glpi_profiles" @ 2018-02-08 14:15:31 [@ufaslquticglpip]
0 seconds for "optimizar - glpi_profiles_reminders" @ 2018-02-08 14:15:31 [@ufaslquticglpip]
0 seconds for "optimizar - glpi_profiles_rssfeeds" @ 2018-02-08 14:15:31 [@ufaslquticglpip]
0 seconds for "optimizar - glpi_profiles_users" @ 2018-02-08 14:15:31 [@ufaslquticglpip]
0 seconds for "optimizar - glpi_projectcosts" @ 2018-02-08 14:15:31 [@ufaslquticglpip]
0 seconds for "optimizar - glpi_projects" @ 2018-02-08 14:15:31 [@ufaslquticglpip]
0 seconds for "optimizar - glpi_projectstates" @ 2018-02-08 14:15:31 [@ufaslquticglpip]
0 seconds for "optimizar - glpi_projecttasks" @ 2018-02-08 14:15:31 [@ufaslquticglpip]
0 seconds for "optimizar - glpi_projecttasks_tickets" @ 2018-02-08 14:15:31 [@ufaslquticglpip]
0 seconds for "optimizar - glpi_projecttaskteams" @ 2018-02-08 14:15:31 [@ufaslquticglpip]
0 seconds for "optimizar - glpi_projecttasktemplates" @ 2018-02-08 14:15:31 [@ufaslquticglpip]
0 seconds for "optimizar - glpi_projecttasktypes" @ 2018-02-08 14:15:31 [@ufaslquticglpip]
0 seconds for "optimizar - glpi_projectteams" @ 2018-02-08 14:15:31 [@ufaslquticglpip]
0 seconds for "optimizar - glpi_projecttypes" @ 2018-02-08 14:15:31 [@ufaslquticglpip]
0 seconds for "optimizar - glpi_queuednotifications" @ 2018-02-08 14:15:31 [@ufaslquticglpip]
0 seconds for "optimizar - glpi_registeredids" @ 2018-02-08 14:15:31 [@ufaslquticglpip]
0 seconds for "optimizar - glpi_reminders" @ 2018-02-08 14:15:31 [@ufaslquticglpip]
0 seconds for "optimizar - glpi_reminders_users" @ 2018-02-08 14:15:31 [@ufaslquticglpip]
0 seconds for "optimizar - glpi_requesttypes" @ 2018-02-08 14:15:31 [@ufaslquticglpip]
0 seconds for "optimizar - glpi_reservationitems" @ 2018-02-08 14:15:31 [@ufaslquticglpip]
0 seconds for "optimizar - glpi_reservations" @ 2018-02-08 14:15:31 [@ufaslquticglpip]
0 seconds for "optimizar - glpi_rssfeeds" @ 2018-02-08 14:15:31 [@ufaslquticglpip]
0 seconds for "optimizar - glpi_rssfeeds_users" @ 2018-02-08 14:15:31 [@ufaslquticglpip]
0 seconds for "optimizar - glpi_ruleactions" @ 2018-02-08 14:15:31 [@ufaslquticglpip]
0 seconds for "optimizar - glpi_rulecriterias" @ 2018-02-08 14:15:31 [@ufaslquticglpip]
0 seconds for "optimizar - glpi_rulerightparameters" @ 2018-02-08 14:15:31 [@ufaslquticglpip]
0 seconds for "optimizar - glpi_rules" @ 2018-02-08 14:15:31 [@ufaslquticglpip]
0 seconds for "optimizar - glpi_savedsearches" @ 2018-02-08 14:15:31 [@ufaslquticglpip]
0 seconds for "optimizar - glpi_savedsearches_alerts" @ 2018-02-08 14:15:31 [@ufaslquticglpip]
0 seconds for "optimizar - glpi_savedsearches_users" @ 2018-02-08 14:15:31 [@ufaslquticglpip]
0 seconds for "optimizar - glpi_slalevelactions" @ 2018-02-08 14:15:31 [@ufaslquticglpip]
0 seconds for "optimizar - glpi_slalevelcriterias" @ 2018-02-08 14:15:31 [@ufaslquticglpip]
0 seconds for "optimizar - glpi_slalevels" @ 2018-02-08 14:15:31 [@ufaslquticglpip]
0 seconds for "optimizar - glpi_slalevels_tickets" @ 2018-02-08 14:15:31 [@ufaslquticglpip]
0 seconds for "optimizar - glpi_slas" @ 2018-02-08 14:15:31 [@ufaslquticglpip]
0 seconds for "optimizar - glpi_slms" @ 2018-02-08 14:15:31 [@ufaslquticglpip]
0 seconds for "optimizar - glpi_softwarecategories" @ 2018-02-08 14:15:31 [@ufaslquticglpip]
0 seconds for "optimizar - glpi_softwarelicenses" @ 2018-02-08 14:15:31 [@ufaslquticglpip]
0 seconds for "optimizar - glpi_softwarelicensetypes" @ 2018-02-08 14:15:31 [@ufaslquticglpip]
0 seconds for "optimizar - glpi_softwares" @ 2018-02-08 14:15:31 [@ufaslquticglpip]
0 seconds for "optimizar - glpi_softwareversions" @ 2018-02-08 14:15:31 [@ufaslquticglpip]
0 seconds for "optimizar - glpi_solutiontemplates" @ 2018-02-08 14:15:31 [@ufaslquticglpip]
0 seconds for "optimizar - glpi_solutiontypes" @ 2018-02-08 14:15:31 [@ufaslquticglpip]
0 seconds for "optimizar - glpi_ssovariables" @ 2018-02-08 14:15:31 [@ufaslquticglpip]
0 seconds for "optimizar - glpi_states" @ 2018-02-08 14:15:31 [@ufaslquticglpip]
0 seconds for "optimizar - glpi_suppliers" @ 2018-02-08 14:15:31 [@ufaslquticglpip]
0 seconds for "optimizar - glpi_suppliers_tickets" @ 2018-02-08 14:15:31 [@ufaslquticglpip]
0 seconds for "optimizar - glpi_suppliertypes" @ 2018-02-08 14:15:31 [@ufaslquticglpip]
0 seconds for "optimizar - glpi_taskcategories" @ 2018-02-08 14:15:31 [@ufaslquticglpip]
0 seconds for "optimizar - glpi_tasktemplates" @ 2018-02-08 14:15:31 [@ufaslquticglpip]
0 seconds for "optimizar - glpi_ticketcosts" @ 2018-02-08 14:15:31 [@ufaslquticglpip]
0 seconds for "optimizar - glpi_ticketfollowups" @ 2018-02-08 14:15:31 [@ufaslquticglpip]
0 seconds for "optimizar - glpi_ticketrecurrents" @ 2018-02-08 14:15:31 [@ufaslquticglpip]
0 seconds for "optimizar - glpi_tickets" @ 2018-02-08 14:15:31 [@ufaslquticglpip]
0 seconds for "optimizar - glpi_tickets_tickets" @ 2018-02-08 14:15:31 [@ufaslquticglpip]
0 seconds for "optimizar - glpi_tickets_users" @ 2018-02-08 14:15:31 [@ufaslquticglpip]
0 seconds for "optimizar - glpi_ticketsatisfactions" @ 2018-02-08 14:15:31 [@ufaslquticglpip]
0 seconds for "optimizar - glpi_tickettasks" @ 2018-02-08 14:15:31 [@ufaslquticglpip]
0 seconds for "optimizar - glpi_tickettemplatehiddenfields" @ 2018-02-08 14:15:31 [@ufaslquticglpip]
0 seconds for "optimizar - glpi_tickettemplatemandatoryfields" @ 2018-02-08 14:15:31 [@ufaslquticglpip]
0 seconds for "optimizar - glpi_tickettemplatepredefinedfields" @ 2018-02-08 14:15:31 [@ufaslquticglpip]
0 seconds for "optimizar - glpi_tickettemplates" @ 2018-02-08 14:15:31 [@ufaslquticglpip]
0 seconds for "optimizar - glpi_ticketvalidations" @ 2018-02-08 14:15:31 [@ufaslquticglpip]
0 seconds for "optimizar - glpi_transfers" @ 2018-02-08 14:15:31 [@ufaslquticglpip]
0 seconds for "optimizar - glpi_usercategories" @ 2018-02-08 14:15:31 [@ufaslquticglpip]
0 seconds for "optimizar - glpi_useremails" @ 2018-02-08 14:15:31 [@ufaslquticglpip]
0 seconds for "optimizar - glpi_users" @ 2018-02-08 14:15:31 [@ufaslquticglpip]
0 seconds for "optimizar - glpi_usertitles" @ 2018-02-08 14:15:31 [@ufaslquticglpip]
0 seconds for "optimizar - glpi_virtualmachinestates" @ 2018-02-08 14:15:31 [@ufaslquticglpip]
0 seconds for "optimizar - glpi_virtualmachinesystems" @ 2018-02-08 14:15:31 [@ufaslquticglpip]
0 seconds for "optimizar - glpi_virtualmachinetypes" @ 2018-02-08 14:15:31 [@ufaslquticglpip]
0 seconds for "optimizar - glpi_vlans" @ 2018-02-08 14:15:31 [@ufaslquticglpip]
0 seconds for "optimizar - glpi_wifinetworks" @ 