2018-02-08 14:15:24 [@ufaslquticglpip]
0 seconds for "Migración de datos - config table" @ 2018-02-08 14:15:24 [@ufaslquticglpip]
0 seconds for "Cambio del esquema de la base de datos - glpi_configs" @ 2018-02-08 14:15:24 [@ufaslquticglpip]
0 seconds for "Cambio del esquema de la base de datos - glpi_configs" @ 2018-02-08 14:15:24 [@ufaslquticglpip]
0 seconds for "Cambio del esquema de la base de datos - glpi_configs" @ 2018-02-08 14:15:25 [@ufaslquticglpip]
1 second for "Cambio del esquema de la base de datos - glpi_configs" @ 2018-02-08 14:15:25 [@ufaslquticglpip]
0 seconds for "Cambio del esquema de la base de datos - glpi_configs" @ 2018-02-08 14:15:25 [@ufaslquticglpip]
0 seconds for "Cambio del esquema de la base de datos - glpi_configs" @ 2018-02-08 14:15:25 [@ufaslquticglpip]
0 seconds for "Migración de datos - profile table" @ 2018-02-08 14:15:25 [@ufaslquticglpip]
0 seconds for "Cambio del esquema de la base de datos - glpi_profiles" @ 2018-02-08 14:15:25 [@ufaslquticglpip]
0 seconds for "Update for mailqueue" @ 2018-02-08 14:15:25 [@ufaslquticglpip]
0 seconds for "Cambio del esquema de la base de datos - glpi_entities" @ 2018-02-08 14:15:25 [@ufaslquticglpip]
0 seconds for "Cambio del esquema de la base de datos - Change" @ 2018-02-08 14:15:25 [@ufaslquticglpip]
0 seconds for "Migración de datos - drop rules cache" @ 2018-02-08 14:15:25 [@ufaslquticglpip]
0 seconds for "Migración de datos - glpi_rules" @ 2018-02-08 14:15:25 [@ufaslquticglpip]
0 seconds for "Cambio del esquema de la base de datos - glpi_rules" @ 2018-02-08 14:15:25 [@ufaslquticglpip]
0 seconds for "Cambio del esquema de la base de datos - glpi_slalevels" @ 2018-02-08 14:15:25 [@ufaslquticglpip]
0 seconds for "Migración de datos - glpi_knowbaseitemtranslations" @ 2018-02-08 14:15:25 [@ufaslquticglpip]
0 seconds for "Migración de datos - glpi_dropdowntranslations" @ 2018-02-08 14:15:25 [@ufaslquticglpip]
0 seconds for "Migración de datos - glpi_states" @ 2018-02-08 14:15:25 [@ufaslquticglpip]
0 seconds for "Cambio del esquema de la base de datos - glpi_domains" @ 2018-02-08 14:15:25 [@ufaslquticglpip]
0 seconds for "Cambio del esquema de la base de datos - glpi_states" @ 2018-02-08 14:15:25 [@ufaslquticglpip]
0 seconds for "Migración de datos - glpi_slas" @ 2018-02-08 14:15:26 [@ufaslquticglpip]
1 second for "Cambio del esquema de la base de datos - glpi_slas" @ 2018-02-08 14:15:26 [@ufaslquticglpip]
0 seconds for "Migración de datos - glpi_documents" @ 2018-02-08 14:15:26 [@ufaslquticglpip]
0 seconds for "Cambio del esquema de la base de datos - glpi_documents" @ 2018-02-08 14:15:26 [@ufaslquticglpip]
0 seconds for "Migración de datos - glpi_softwarecategories" @ 2018-02-08 14:15:26 [@ufaslquticglpip]
0 seconds for "Cambio del esquema de la base de datos - glpi_softwarecategories" @ 2018-02-08 14:15:26 [@ufaslquticglpip]
0 seconds for "Cambio del esquema de la base de datos - various" @ 2018-02-08 14:15:26 [@ufaslquticglpip]
0 seconds for "Cambio del esquema de la base de datos - glpi_consumableitems" @ 2018-02-08 14:15:26 [@ufaslquticglpip]
0 seconds for "Cambio del esquema de la base de datos - glpi_cartridgeitems" @ 2018-02-08 14:15:26 [@ufaslquticglpip]
0 seconds for "Migración de datos - glpi_projects" @ 2018-02-08 14:15:26 [@ufaslquticglpip]
0 seconds for "Cambio del esquema de la base de datos - glpi_groups" @ 2018-02-08 14:15:26 [@ufaslquticglpip]
0 seconds for "Migración de datos - notepad" @ 2018-02-08 14:15:26 [@ufaslquticglpip]
0 seconds for "Migración de datos - ticketvalidations status" @ 2018-02-08 14:15:26 [@ufaslquticglpip]
0 seconds for "Migración de datos - tickets and changes global_validation" @ 2018-02-08 14:15:26 [@ufaslquticglpip]
0 seconds for "Migración de datos - tickettemplatepredefinedfields value" @ 2018-02-08 14:15:26 [@ufaslquticglpip]
0 seconds for "Migración de datos - Devices" @ 2018-02-08 14:15:26 [@ufaslquticglpip]
0 seconds for "Cambio del esquema de la base de datos - glpi_devicemotherboards" @ 2018-02-08 14:15:26 [@ufaslquticglpip]
0 seconds for "Cambio del esquema de la base de datos - glpi_deviceprocessors" @ 2018-02-08 14:15:26 [@ufaslquticglpip]
0 seconds for "Cambio del esquema de la base de datos - glpi_devicememories" @ 2018-02-08 14:15:26 [@ufaslquticglpip]
0 seconds for "Cambio del esquema de la base de datos - glpi_deviceharddrives" @ 2018-02-08 14:15:26 [@ufaslquticglpip]
0 seconds for "Cambio del esquema de la base de datos - glpi_devicenetworkcards" @ 2018-02-08 14:15:26 [@ufaslquticglpip]
0 seconds for "Cambio del esquema de la base de datos - glpi_devicedrives" @ 2018-02-08 14:15:26 [@ufaslquticglpip]
0 seconds for "Cambio del esquema de la base de datos - glpi_devicecontrols" @ 2018-02-08 14:15:26 [@ufaslquticglpip]
0 seconds for "Cambio del esquema de la base de datos - glpi_devicegraphiccards" @ 2018-02-08 14:15:26 [@ufaslquticglpip]
0 seconds for "Cambio del esquema de la base de datos - glpi_devicesoundcards" @ 2018-02-08 14:15:26 [@ufaslquticglpip]
0 seconds for "Cambio del esquema de la base de datos - glpi_devicepcis" @ 2018-02-08 14:15:26 [@ufaslquticglpip]
0 seconds for "Cambio del esquema de la base de datos - glpi_devicecases" @ 2018-02-08 14:15:26 [@ufaslquticglpip]
0 seconds for "Cambio del esquema de la base de datos - glpi_devicepowersupplies" @ 2018-02-08 14:15:26 [@ufaslquticglpip]
0 seconds for "Cambio del esquema de la base de datos - glpi_items_devicemotherboards" @ 2018-02-08 14:15:26 [@ufaslquticglpip]
0 seconds for "Cambio del esquema de la base de datos - glpi_items_deviceprocessors" @ 2018-02-08 14:15:26 [@ufaslquticglpip]
0 seconds for "Cambio del esquema de la base de datos - glpi_items_devicememories" @ 2018-02-08 14:15:26 [@ufaslquticglpip]
0 seconds for "Cambio del esquema de la base de datos - glpi_items_deviceharddrives" @ 2018-02-08 14:15:26 [@ufaslquticglpip]
0 seconds for "Cambio del esquema de la base de datos - glpi_items_devicenetworkcards" @ 2018-02-08 14:15:26 [@ufaslquticglpip]
0 seconds for "Cambio del esquema de la base de datos - glpi_items_devicedrives" @ 2018-02-08 14:15:26 [@ufaslquticglpip]
0 seconds for "Cambio del esquema de la base de datos - glpi_items_devicecontrols" @ 2018-02-08 14:15:26 [@ufaslquticglpip]
0 seconds for "Cambio del esquema de la base de datos - glpi_items_devicegraphiccards" @ 2018-02-08 14:15:26 [@ufaslquticglpip]
0 seconds for "Cambio del esquema de la base de datos - glpi_items_devicesoundcards" @ 2018-02-08 14:15:26 [@ufaslquticglpip]
0 seconds for "Cambio del esquema de la base de datos - glpi_items_devicepcis" @ 2018-02-08 14:15:26 [@ufaslquticglpip]
0 seconds for "Cambio del esquema de la base de datos - glpi_items_devicecases" @ 2018-02-08 14:15:26 [@ufaslquticglpip]
0 seconds for "Cambio del esquema de la base de datos - glpi_items_devicepowersupplies" @ 2018-02-08 14:15:26 [@ufaslquticglpip]
0 seconds for "Cambio del esquema de la base de datos - glpi_items_devicecases" @ 2018-02-08 14:15:26 [@ufaslquticglpip]
0 seconds for "Cambio del esquema de la base de datos - glpi_items_devicecontrols" @ 2018-02-08 14:15:26 [@ufaslquticglpip]
0 seconds for "Cambio del esquema de la base de datos - glpi_items_devicedrives" @ 2018-02-08 14:15:26 [@ufaslquticglpip]
0 seconds for "Cambio del esquema de la base de datos - glpi_items_devicegraphiccards" @ 2018-02-08 14:15:26 [@ufaslquticglpip]
0 seconds for "Cambio del esquema de la base de datos - glpi_items_deviceharddrives" @ 2018-02-08 14:15:26 [@ufaslquticglpip]
0 seconds for "Cambio del esquema de la base de datos - glpi_items_devicememories" @ 2018-02-08 14:15:26 [@ufaslquticglpip]
0 seconds for "Cambio del esquema de la base de datos - glpi_items_devicemotherboards" @ 2018-02-08 14:15:26 [@ufaslquticglpip]
0 seconds for "Cambio del esquema de la base de datos - glpi_items_devicenetworkcards" @ 2018-02-08 14:15:26 [@ufaslquticglpip]
0 seconds for "Cambio del esquema de la base de datos - glpi_items_devicepcis" @ 2018-02-08 14:15:26 [@ufaslquticglpip]
0 seconds for "Cambio del esquema de la base de datos - glpi_items_devicepowersupplies" @ 2018-02-08 14:15:26 [@ufaslquticglpip]
0 seconds for "Cambio del esquema de la base de datos - glpi_items_deviceprocessors" @ 2018-02-08 14:15:26 [@ufaslquticglpip]
0 seconds for "Cambio del esquema de la base de datos - glpi_items_devicesoundcards" @ 2018-02-08 14:15:26 [@ufaslquticglpip]
0 seconds for "Migración de datos - License validity" @ 2018-02-08 14:15:26 [@ufaslquticglpip]
0 seconds for "Cambio del esquema de la base de datos - glpi_softwarelicenses" @ 2018-02-08 14:15:26 [@ufaslquticglpip]
0 seconds for "Cambio del esquema de la base de datos - glpi_softwares" @ 2018-02-08 14:15:26 [@ufaslquticglpip]
0 seconds for "Cambio del esquema de la base de datos - glpi_rules" @ 2018-02-08 14:15:26 [@ufaslquticglpip]
0 seconds for "Migración de datos - IP improvment" @ 2018-02-08 14:15:26 [@ufaslquticglpip]
0 seconds for "Cambio del esquema de la base de datos - glpi_ipaddresses" @ 2018-02-08 14:15:26 [@ufaslquticglpip]
0 seconds for "Migración de datos - glpi_displaypreferences" @ 2018-02-08 14:15:26 [@ufaslquticglpip]
0 seconds for "Migración de datos - glpi_displaypreferences" @ 2018-02-08 14:15:26 [@ufaslquticglpip]
0 seconds for "Cambio del esquema de la base de datos - glpi_itilcategories" @ 2018-02-08 14:15:26 [@ufaslquticglpip]
0 seconds for "Cambio del esquema de la base de datos - glpi_profiles" @ 2018-02-08 14:15:26 [@ufaslquticglpip]
0 seconds for "Cambio del esquema de la base de datos - glpi_users" @ 2018-02-08 14:15:26 [@ufaslquticglpip]
0 seconds for "Cambio del esquema de la base de datos - glpi_authldaps" @ 2018-02-08 14:15:26 [@ufaslquticglpip]
0 seconds for "Cambio del esquema de la base de datos - glpi_links" @ 2018-02-08 14:15:26 [@ufaslquticglpip]
0 seconds for "Cambio del esquema de la base de datos - glpi_knowbaseitems" @ 2018-02-08 14:15:26 [@ufaslquticglpip]
0 seconds for "Cambio del esquema de la base de datos - glpi_tickets" @ 2018-02-08 14:15:26 [@ufaslquticglpip]
0 seconds for "Cambio del esquema de la base de datos - glpi_tickettasks" @ 2018-02-08 14:15:26 [@ufaslquticglpip]
0 seconds for "Cambio del esquema de la base de datos - glpi_queuedmails" @ 2018-02-08 14:15:26 [@ufaslquticglpip]
0 seconds for "Cambio del esquema de la base de datos - glpi_softwarecategories" @ 2018-02-08 14:15:26 [@ufaslquticglpip]
0 seconds for "Cambio del esquema de la base de datos - glpi_projects" @ 2018-02-08 14:15:26 [@ufaslquticglpip]
0 seconds for "Cambio del esquema de la base de datos - glpi_groups" @ 2018-02-08 14:15:26 [@ufaslquticglpip]
0 seconds for "Cambio del esquema de la base de datos - glpi_budgets" @ 2018-02-08 14:15:26 [@ufaslquticglpip]
0 seconds for "Cambio del esquema de la base de datos - glpi_cartridgeitems" @ 2018-02-08 14:15:26 [@ufaslquticglpip]
0 seconds for "Cambio del esquema de la base de datos - glpi_changes" @ 2018-02-08 14:15:26 [@ufaslquticglpip]
0 seconds for "Cambio del esquema de la base de datos - glpi_computers" @ 2018-02-08 14:15:26 [@ufaslquticglpip]
0 seconds for "Cambio del esquema de la base de datos - glpi_consumableitems" @ 2018-02-08 14:15:26 [@ufaslquticglpip]
0 seconds for "Cambio del esquema de la base de datos - glpi_contacts" @ 2018-02-08 14:15:26 [@ufaslquticglpip]
0 seconds for "Cambio del esquema de la base de datos - glpi_contracts" @ 2018-02-08 14:15:26 [@ufaslquticglpip]
0 seconds for "Cambio del esquema de la base de datos - glpi_documents" @ 2018-02-08 14:15:26 [@ufaslquticglpip]
0 seconds for "Cambio del esquema de la base de datos - glpi_entities" @ 2018-02-08 14:15:26 [@ufaslquticglpip]
0 seconds for "Cambio del esquema de la base de datos - glpi_monitors" @ 2018-02-08 14:15:26 [@ufaslquticglpip]
0 seconds for "Cambio del esquema de la base de datos - glpi_networkequipments" @ 2018-02-08 14:15:26 [@ufaslquticglpip]
0 seconds for "Cambio del esquema de la base de datos - glpi_peripherals" @ 2018-02-08 14:15:26 [@ufaslquticglpip]
0 seconds for "Cambio del esquema de la base de datos - glpi_phones" @ 2018-02-08 14:15:26 [@ufaslquticglpip]
0 seconds for "Cambio del esquema de la base de datos - glpi_printers" @ 2018-02-08 14:15:26 [@ufaslquticglpip]
0 seconds for "Cambio del esquema de la base de datos - glpi_problems" @ 2018-02-08 14:15:26 [@ufaslquticglpip]
0 seconds for "Cambio del esquema de la base de datos - glpi_projecttasks" @ 2018-02-08 14:15:26 [@ufaslquticglpip]
0 seconds for "Cambio del esquema de la base de datos - glpi_suppliers" @ 2018-02-08 14:15:26 [@ufaslquticglpip]
0 seconds for "Cambio del esquema de la base de datos - glpi_ticketvalidations" @ 2018-02-08 14:15:26 [@ufaslquticglpip]
0 seconds for "Cambio del esquema de la base de datos - glpi_devicemotherboards" @ 2018-02-08 14:15:26 [@ufaslquticglpip]
0 seconds for "Cambio del esquema de la base de datos - glpi_deviceprocessors" @ 2018-02-08 14:15:26 [@ufaslquticglpip]
0 seconds for "Cambio del esquema de la base de datos - glpi_devicememories" @ 2018-02-08 14:15:26 [@ufaslquticglpip]
0 seconds for "Cambio del esquema de la base de datos - glpi_deviceharddrives" @ 2018-02-08 14:15:26 [@ufaslquticglpip]
0 seconds for "Cambio del esquema de la base de datos - glpi_devicenetworkcards" @ 2018-02-08 14:15:26 [@ufaslquticglpip]
0 seconds for "Cambio del esquema de la base de datos - glpi_devicedrives" @ 2018-02-08 14:15:26 [@ufaslquticglpip]
0 seconds for "Cambio del esquema de la base de datos - glpi_devicecontrols" @ 2018-02-08 14:15:26 [@ufaslquticglpip]
0 seconds for "Cambio del esquema de la base de datos - glpi_devicegraphiccards" @ 2018-02-08 14:15:26 [@ufaslquticglpip]
0 seconds for "Cambio del esquema de la base de datos - glpi_devicesoundcards" @ 2018-02-08 14:15:26 [@ufaslquticglpip]
0 seconds for "Cambio del esquema de la base de datos - glpi_devicepcis" @ 2018-02-08 14:15:26 [@ufaslquticglpip]
0 seconds for "Cambio del esquema de la base de datos - glpi_devicecases" @ 2018-02-08 14:15:26 [@ufaslquticglpip]
0 seconds for "Cambio del esquema de la base de datos - glpi_devicepowersupplies" @ 2018-02-08 14:15:26 [@ufaslquticglpip]
0 seconds for "Cambio del esquema de la base de datos - glpi_items_devicecases" @ 2018-02-08 14:15:26 [@ufaslquticglpip]
0 seconds for "Cambio del esquema de la base de datos - glpi_items_devicecontrols" @ 2018-02-08 14:15:26 [@ufaslquticglpip]
0 seconds for "Cambio del esquema de la base de datos - glpi_items_devicedrives" @ 2018-02-08 14:15:26 [@ufaslquticglpip]
0 seconds for "Cambio del esquema de la base de datos - glpi_items_devicegraphiccards" @ 2018-02-08 14:15:26 [@ufaslquticglpip]
0 seconds for "Cambio del esquema de la base de datos - glpi_items_deviceharddrives" @ 2018-02-08 14:15:26 [@ufaslquticglpip]
0 seconds for "Cambio del esquema de la base de datos - glpi_items_devicememories" @ 2018-02-08 14:15:26 [@ufaslquticglpip]
0 seconds for "Cambio del esquema de la base de datos - glpi_items_devicemotherboards" @ 2018-02-08 14:15:26 [@ufaslquticglpip]
0 seconds for "Cambio del esquema de la base de datos - glpi_items_devicenetworkcards" @ 2018-02-08 14:15:26 [@ufaslquticglpip]
0 seconds for "Cambio del esquema de la base de datos - glpi_items_devicepcis" @ 2018-02-08 14:15:26 [@ufaslquticglpip]
0 seconds for "Cambio del esquema de la base de datos - glpi_items_devicepowersupplies" @ 2018-02-08 14:15:26 [@ufaslquticglpip]
0 seconds for "Cambio del esquema de la base de datos - glpi_items_deviceprocessors" @ 2018-02-08 14:15:26 [@ufaslquticglpip]
0 seconds for "Cambio del esquema de la base de datos - glpi_items_devicesoundcards" @ 2018-02-08 14:15:26 [@ufaslquticglpip]
0 seconds for "Cambio del esquema de la base de datos - glpi_suppliers_tickets" @ 2018-02-08 14:15:26 [@ufaslquticglpip]
0 seconds for "Cambio del esquema de la base de datos - glpi_problems_suppliers" @ 2018-02-08 14:15:26 [@ufaslquticglpip]
0 seconds for "Cambio del esquema de la base de datos - glpi_changes_suppliers" @ 2018-02-08 14:15:26 [@ufaslquticglpip]
0 seconds for "Cambio del esquema de la base de datos - glpi_locations" @ 2018-02-08 14:15:26 [@ufaslquticglpip]
0 seconds for "Cambio del esquema de la base de datos - glpi_computervirtualmachines" @ 2018-02-08 14:15:26 [@ufaslquticglpip]
0 seconds for "Cambio del esquema de la base de datos - glpi_ipaddresses" @ 2018-02-08 14:15:26 [@ufaslquticglpip]
0 seconds for "Proceso terminado" @ 