2018-02-08 14:15:29 [@ufaslquticglpip]
0 seconds for "Cambio del esquema de la base de datos - glpi_infocoms" @ 2018-02-08 14:15:29 [@ufaslquticglpip]
0 seconds for "Cambio del esquema de la base de datos - glpi_softwarelicensetypes" @ 2018-02-08 14:15:29 [@ufaslquticglpip]
0 seconds for "Add of - Knowbase item link to tickets to database" @ 2018-02-08 14:15:29 [@ufaslquticglpip]
0 seconds for "Add of - Knowbase item revisions to database" @ 2018-02-08 14:15:29 [@ufaslquticglpip]
0 seconds for "Cambio del esquema de la base de datos - glpi_knowbaseitemtranslations" @ 2018-02-08 14:15:29 [@ufaslquticglpip]
0 seconds for "Add of - Knowbase item comments to database" @ 2018-02-08 14:15:29 [@ufaslquticglpip]
0 seconds for "Cambio del esquema de la base de datos - glpi_taskcategories" @ 2018-02-08 14:15:29 [@ufaslquticglpip]
0 seconds for "Cambio del esquema de la base de datos - glpi_documents_items" @ 2018-02-08 14:15:29 [@ufaslquticglpip]
0 seconds for "Cambio del esquema de la base de datos - glpi_computermodels" @ 2018-02-08 14:15:29 [@ufaslquticglpip]
0 seconds for "Cambio del esquema de la base de datos - glpi_printermodels" @ 2018-02-08 14:15:29 [@ufaslquticglpip]
0 seconds for "Cambio del esquema de la base de datos - glpi_networkequipmentmodels" @ 2018-02-08 14:15:29 [@ufaslquticglpip]
0 seconds for "Cambio del esquema de la base de datos - glpi_phonemodels" @ 2018-02-08 14:15:29 [@ufaslquticglpip]
0 seconds for "Cambio del esquema de la base de datos - glpi_peripheralmodels" @ 2018-02-08 14:15:29 [@ufaslquticglpip]
0 seconds for "Cambio del esquema de la base de datos - glpi_monitormodels" @ 2018-02-08 14:15:29 [@ufaslquticglpip]
0 seconds for "Cambio del esquema de la base de datos - glpi_items_devicecases" @ 2018-02-08 14:15:29 [@ufaslquticglpip]
0 seconds for "Cambio del esquema de la base de datos - glpi_items_devicecontrols" @ 2018-02-08 14:15:29 [@ufaslquticglpip]
0 seconds for "Cambio del esquema de la base de datos - glpi_items_devicedrives" @ 2018-02-08 14:15:29 [@ufaslquticglpip]
0 seconds for "Cambio del esquema de la base de datos - glpi_items_devicegraphiccards" @ 2018-02-08 14:15:29 [@ufaslquticglpip]
0 seconds for "Cambio del esquema de la base de datos - glpi_items_deviceharddrives" @ 2018-02-08 14:15:29 [@ufaslquticglpip]
0 seconds for "Cambio del esquema de la base de datos - glpi_items_devicememories" @ 2018-02-08 14:15:29 [@ufaslquticglpip]
0 seconds for "Cambio del esquema de la base de datos - glpi_items_devicemotherboards" @ 2018-02-08 14:15:29 [@ufaslquticglpip]
0 seconds for "Cambio del esquema de la base de datos - glpi_items_devicenetworkcards" @ 2018-02-08 14:15:29 [@ufaslquticglpip]
0 seconds for "Cambio del esquema de la base de datos - glpi_items_devicepcis" @ 2018-02-08 14:15:29 [@ufaslquticglpip]
0 seconds for "Cambio del esquema de la base de datos - glpi_items_devicepowersupplies" @ 2018-02-08 14:15:29 [@ufaslquticglpip]
0 seconds for "Cambio del esquema de la base de datos - glpi_items_deviceprocessors" @ 2018-02-08 14:15:29 [@ufaslquticglpip]
0 seconds for "Cambio del esquema de la base de datos - glpi_items_devicesoundcards" @ 2018-02-08 14:15:29 [@ufaslquticglpip]
0 seconds for "Cambio del esquema de la base de datos - glpi_devicecases" @ 2018-02-08 14:15:29 [@ufaslquticglpip]
0 seconds for "Cambio del esquema de la base de datos - glpi_devicecontrols" @ 2018-02-08 14:15:29 [@ufaslquticglpip]
0 seconds for "Cambio del esquema de la base de datos - glpi_devicedrives" @ 2018-02-08 14:15:29 [@ufaslquticglpip]
0 seconds for "Cambio del esquema de la base de datos - glpi_devicegraphiccards" @ 2018-02-08 14:15:29 [@ufaslquticglpip]
0 seconds for "Cambio del esquema de la base de datos - glpi_deviceharddrives" @ 2018-02-08 14:15:29 [@ufaslquticglpip]
0 seconds for "Cambio del esquema de la base de datos - glpi_devicememories" @ 2018-02-08 14:15:29 [@ufaslquticglpip]
0 seconds for "Cambio del esquema de la base de datos - glpi_devicemotherboards" @ 2018-02-08 14:15:29 [@ufaslquticglpip]
0 seconds for "Cambio del esquema de la base de datos - glpi_devicenetworkcards" @ 2018-02-08 14:15:29 [@ufaslquticglpip]
0 seconds for "Cambio del esquema de la base de datos - glpi_devicepcis" @ 2018-02-08 14:15:29 [@ufaslquticglpip]
0 seconds for "Cambio del esquema de la base de datos - glpi_devicepowersupplies" @ 2018-02-08 14:15:29 [@ufaslquticglpip]
0 seconds for "Cambio del esquema de la base de datos - glpi_deviceprocessors" @ 2018-02-08 14:15:30 [@ufaslquticglpip]
1 second for "Cambio del esquema de la base de datos - glpi_devicesoundcards" @ 2018-02-08 14:15:30 [@ufaslquticglpip]
0 seconds for "Cambio del esquema de la base de datos - glpi_softwarelicenses" @ 2018-02-08 14:15:30 [@ufaslquticglpip]
0 seconds for "Cambio del esquema de la base de datos - glpi_tickettasks" @ 2018-02-08 14:15:30 [@ufaslquticglpip]
0 seconds for "Cambio del esquema de la base de datos - glpi_problemtasks" @ 2018-02-08 14:15:30 [@ufaslquticglpip]
0 seconds for "Cambio del esquema de la base de datos - glpi_changetasks" @ 2018-02-08 14:15:30 [@ufaslquticglpip]
0 seconds for "Cambio del esquema de la base de datos - glpi_tasktemplates" @ 2018-02-08 14:15:30 [@ufaslquticglpip]
0 seconds for "Cambio del esquema de la base de datos - glpi_slalevels" @ 2018-02-08 14:15:30 [@ufaslquticglpip]
0 seconds for "Cambio del esquema de la base de datos - glpi_tickets" @ 2018-02-08 14:15:30 [@ufaslquticglpip]
0 seconds for "Cambio del esquema de la base de datos - glpi_tickets" @ 2018-02-08 14:15:30 [@ufaslquticglpip]
0 seconds for "Cambio del esquema de la base de datos - glpi_tickets" @ 2018-02-08 14:15:30 [@ufaslquticglpip]
0 seconds for "Cambio del esquema de la base de datos - glpi_tickets" @ 2018-02-08 14:15:30 [@ufaslquticglpip]
0 seconds for "Cambio del esquema de la base de datos - glpi_tickets" @ 2018-02-08 14:15:30 [@ufaslquticglpip]
0 seconds for "Cambio del esquema de la base de datos - glpi_tickets" @ 2018-02-08 14:15:30 [@ufaslquticglpip]
0 seconds for "Cambio del esquema de la base de datos - glpi_tickets" @ 2018-02-08 14:15:30 [@ufaslquticglpip]
0 seconds for "Cambio del esquema de la base de datos - glpi_tickets" @ 2018-02-08 14:15:30 [@ufaslquticglpip]
0 seconds for "Cambio del esquema de la base de datos - glpi_tickets" @ 2018-02-08 14:15:30 [@ufaslquticglpip]
0 seconds for "Cambio del esquema de la base de datos - glpi_changes" @ 2018-02-08 14:15:30 [@ufaslquticglpip]
0 seconds for "Cambio del esquema de la base de datos - glpi_problems" @ 2018-02-08 14:15:30 [@ufaslquticglpip]
0 seconds for "Cambio del esquema de la base de datos - glpi_savedsearches" @ 2018-02-08 14:15:30 [@ufaslquticglpip]
0 seconds for "Cambio del esquema de la base de datos - glpi_notifications" @ 2018-02-08 14:15:30 [@ufaslquticglpip]
0 seconds for "Cambio del esquema de la base de datos - glpi_queuednotifications" @ 2018-02-08 14:15:30 [@ufaslquticglpip]
0 seconds for "Migración de datos - glpi_displaypreferences" @ 2018-02-08 14:15:30 [@ufaslquticglpip]
0 seconds for "Cambio del esquema de la base de datos - glpi_states" @ 2018-02-08 14:15:30 [@ufaslquticglpip]
0 seconds for "Cambio del esquema de la base de datos - glpi_businesscriticities" @ 2018-02-08 14:15:30 [@ufaslquticglpip]
0 seconds for "Cambio del esquema de la base de datos - glpi_documentcategories" @ 2018-02-08 14:15:30 [@ufaslquticglpip]
0 seconds for "Cambio del esquema de la base de datos - glpi_olalevels_tickets" @ 2018-02-08 14:15:30 [@ufaslquticglpip]
0 seconds for "Cambio del esquema de la base de datos - glpi_states" @ 2018-02-08 14:15:30 [@ufaslquticglpip]
0 seconds for "Cambio del esquema de la base de datos - glpi_tickets_tickets" @ 2018-02-08 14:15:30 [@ufaslquticglpip]
0 seconds for "Cambio del esquema de la base de datos - glpi_tickettemplatehiddenfields" @ 2018-02-08 14:15:30 [@ufaslquticglpip]
0 seconds for "Cambio del esquema de la base de datos - glpi_tickettemplatemandatoryfields" @ 2018-02-08 14:15:30 [@ufaslquticglpip]
0 seconds for "Cambio del esquema de la base de datos - glpi_softwarelicenses" @ 2018-02-08 14:15:30 [@ufaslquticglpip]
0 seconds for "Cambio del esquema de la base de datos - glpi_infocoms" @ 2018-02-08 14:15:30 [@ufaslquticglpip]
0 seconds for "Cambio del esquema de la base de datos - glpi_monitors" @ 2018-02-08 14:15:30 [@ufaslquticglpip]
0 seconds for "Cambio del esquema de la base de datos - glpi_softwarelicensetypes" @ 2018-02-08 14:15:30 [@ufaslquticglpip]
0 seconds for "Cambio del esquema de la base de datos - glpi_knowbaseitemtranslations" @ 2018-02-08 14:15:30 [@ufaslquticglpip]
0 seconds for "Cambio del esquema de la base de datos - glpi_taskcategories" @ 2018-02-08 14:15:30 [@ufaslquticglpip]
0 seconds for "Cambio del esquema de la base de datos - glpi_documents_items" @ 2018-02-08 14:15:30 [@ufaslquticglpip]
0 seconds for "Cambio del esquema de la base de datos - glpi_computermodels" @ 2018-02-08 14:15:30 [@ufaslquticglpip]
0 seconds for "Cambio del esquema de la base de datos - glpi_printermodels" @ 2018-02-08 14:15:30 [@ufaslquticglpip]
0 seconds for "Cambio del esquema de la base de datos - glpi_networkequipmentmodels" @ 2018-02-08 14:15:30 [@ufaslquticglpip]
0 seconds for "Cambio del esquema de la base de datos - glpi_phonemodels" @ 2018-02-08 14:15:30 [@ufaslquticglpip]
0 seconds for "Cambio del esquema de la base de datos - glpi_peripheralmodels" @ 2018-02-08 14:15:30 [@ufaslquticglpip]
0 seconds for "Cambio del esquema de la base de datos - glpi_monitormodels" @ 2018-02-08 14:15:30 [@ufaslquticglpip]
0 seconds for "Cambio del esquema de la base de datos - glpi_items_devicecases" @ 2018-02-08 14:15:30 [@ufaslquticglpip]
0 seconds for "Cambio del esquema de la base de datos - glpi_items_devicecontrols" @ 2018-02-08 14:15:30 [@ufaslquticglpip]
0 seconds for "Cambio del esquema de la base de datos - glpi_items_devicedrives" @ 2018-02-08 14:15:30 [@ufaslquticglpip]
0 seconds for "Cambio del esquema de la base de datos - glpi_items_devicegraphiccards" @ 2018-02-08 14:15:30 [@ufaslquticglpip]
0 seconds for "Cambio del esquema de la base de datos - glpi_items_deviceharddrives" @ 2018-02-08 14:15:30 [@ufaslquticglpip]
0 seconds for "Cambio del esquema de la base de datos - glpi_items_devicememories" @ 2018-02-08 14:15:30 [@ufaslquticglpip]
0 seconds for "Cambio del esquema de la base de datos - glpi_items_devicemotherboards" @ 2018-02-08 14:15:30 [@ufaslquticglpip]
0 seconds for "Cambio del esquema de la base de datos - glpi_items_devicenetworkcards" @ 2018-02-08 14:15:30 [@ufaslquticglpip]
0 seconds for "Cambio del esquema de la base de datos - glpi_items_devicepcis" @ 2018-02-08 14:15:30 [@ufaslquticglpip]
0 seconds for "Cambio del esquema de la base de datos - glpi_items_devicepowersupplies" @ 2018-02-08 14:15:30 [@ufaslquticglpip]
0 seconds for "Cambio del esquema de la base de datos - glpi_items_deviceprocessors" @ 2018-02-08 14:15:30 [@ufaslquticglpip]
0 seconds for "Cambio del esquema de la base de datos - glpi_items_devicesoundcards" @ 2018-02-08 14:15:30 [@ufaslquticglpip]
0 seconds for "Cambio del esquema de la base de datos - glpi_devicecases" @ 2018-02-08 14:15:30 [@ufaslquticglpip]
0 seconds for "Cambio del esquema de la base de datos - glpi_devicecontrols" @ 2018-02-08 14:15:30 [@ufaslquticglpip]
0 seconds for "Cambio del esquema de la base de datos - glpi_devicedrives" @ 2018-02-08 14:15:30 [@ufaslquticglpip]
0 seconds for "Cambio del esquema de la base de datos - glpi_devicegraphiccards" @ 2018-02-08 14:15:30 [@ufaslquticglpip]
0 seconds for "Cambio del esquema de la base de datos - glpi_deviceharddrives" @ 2018-02-08 14:15:30 [@ufaslquticglpip]
0 seconds for "Cambio del esquema de la base de datos - glpi_devicememories" @ 2018-02-08 14:15:30 [@ufaslquticglpip]
0 seconds for "Cambio del esquema de la base de datos - glpi_devicemotherboards" @ 2018-02-08 14:15:30 [@ufaslquticglpip]
0 seconds for "Cambio del esquema de la base de datos - glpi_devicenetworkcards" @ 2018-02-08 14:15:30 [@ufaslquticglpip]
0 seconds for "Cambio del esquema de la base de datos - glpi_devicepcis" @ 2018-02-08 14:15:30 [@ufaslquticglpip]
0 seconds for "Cambio del esquema de la base de datos - glpi_devicepowersupplies" @ 2018-02-08 14:15:30 [@ufaslquticglpip]
0 seconds for "Cambio del esquema de la base de datos - glpi_deviceprocessors" @ 2018-02-08 14:15:30 [@ufaslquticglpip]
0 seconds for "Cambio del esquema de la base de datos - glpi_devicesoundcards" @ 2018-02-08 14:15:30 [@ufaslquticglpip]
0 seconds for "Cambio del esquema de la base de datos - glpi_tickettasks" @ 2018-02-08 14:15:30 [@ufaslquticglpip]
0 seconds for "Cambio del esquema de la base de datos - glpi_problemtasks" @ 2018-02-08 14:15:30 [@ufaslquticglpip]
0 seconds for "Cambio del esquema de la base de datos - glpi_changetasks" @ 2018-02-08 14:15:30 [@ufaslquticglpip]
0 seconds for "Cambio del esquema de la base de datos - glpi_slas" @ 2018-02-08 14:15:30 [@ufaslquticglpip]
0 seconds for "Cambio del esquema de la base de datos - glpi_slalevels" @ 2018-02-08 14:15:30 [@ufaslquticglpip]
0 seconds for "Cambio del esquema de la base de datos - glpi_tickets" @ 2018-02-08 14:15:30 [@ufaslquticglpip]
0 seconds for "Cambio del esquema de la base de datos - glpi_changes" @ 2018-02-08 14:15:30 [@ufaslquticglpip]
0 seconds for "Cambio del esquema de la base de datos - glpi_problems" @ 2018-02-08 14:15:30 [@ufaslquticglpip]
0 seconds for "Cambio del esquema de la base de datos - glpi_savedsearches" @ 2018-02-08 14:15:30 [@ufaslquticglpip]
0 seconds for "Cambio del esquema de la base de datos - glpi_queuednotifications" @ 2018-02-08 14:15:30 [@ufaslquticglpip]
0 seconds for "Cambio del esquema de la base de datos - glpi_savedsearches_users" @ 2018-02-08 14:15:30 [@ufaslquticglpip]
0 seconds for "Cambio del esquema de la base de datos - glpi_logs" @ 2018-02-08 14:15:30 [@ufaslquticglpip]
0 seconds for "Cambio del esquema de la base de datos - glpi_users" @ 2018-02-08 14:15:30 [@ufaslquticglpip]
0 seconds for "Cambio del esquema de la base de datos - glpi_computers" @ 2018-02-08 14:15:30 [@ufaslquticglpip]
0 seconds for "Cambio del esquema de la base de datos - glpi_items_operatingsystems" @ 2018-02-08 14:15:30 [@ufaslquticglpip]
0 seconds for "Cambio del esquema de la base de datos - glpi_entities" @ 2018-02-08 14:15:30 [@ufaslquticglpip]
0 seconds for "Cambio del esquema de la base de datos - glpi_phones" @ 2018-02-08 14:15:30 [@ufaslquticglpip]
0 seconds for "Cambio del esquema de la base de datos - glpi_networkequipments" @ 2018-02-08 14:15:30 [@ufaslquticglpip]
0 seconds for "Cambio del esquema de la base de datos - glpi_projects" @ 2018-02-08 14:15:30 [@ufaslquticglpip]
0 seconds for "Cambio del esquema de la base de datos - glpi_projecttasks" @ 2018-02-08 14:15:30 [@ufaslquticglpip]
0 seconds for "Cambio del esquema de la base de datos - glpi_ticketfollowups" @ 2018-02-08 14:15:30 [@ufaslquticglpip]
0 seconds for "Cambio del esquema de la base de datos - glpi_authldaps" @ 2018-02-08 14:15:30 [@ufaslquticglpip]
0 seconds for "Cambio del esquema de la base de datos - glpi_businesscriticities" @ 2018-02-08 14:15:30 [@ufaslquticglpip]
0 seconds for "Cambio del esquema de la base de datos - glpi_documentcategories" @ 2018-02-08 14:15:30 [@ufaslquticglpip]
0 seconds for "Cambio del esquema de la base de datos - glpi_olalevels_tickets" @ 2018-02-08 14:15:30 [@ufaslquticglpip]
0 seconds for "Cambio del esquema de la base de datos - glpi_states" @ 2018-02-08 14:15:30 [@ufaslquticglpip]
0 seconds for "Cambio del esquema de la base de datos - glpi_tickets_tickets" @ 2018-02-08 14:15:30 [@ufaslquticglpip]
0 seconds for "Cambio del esquema de la base de datos - glpi_tickettemplatehiddenfields" @ 2018-02-08 14:15:30 [@ufaslquticglpip]
0 seconds for "Cambio del esquema de la base de datos - glpi_tickettemplatemandatoryfields" @ 2018-02-08 14:15:30 [@ufaslquticglpip]
0 seconds for "Cambio del esquema de la base de datos - glpi_tickettemplatepredefinedfields" @ 2018-02-08 14:15:30 [@ufaslquticglpip]
0 seconds for "Cambio del esquema de la base de datos - glpi_slms" @ 2018-02-08 14:15:30 [@ufaslquticglpip]
0 seconds for "Cambio del esquema de la base de datos - glpi_softwarelicenses" @ 2018-02-08 14:15:30 [@ufaslquticglpip]
0 seconds for "Cambio del esquema de la base de datos - glpi_tasktemplates" @ 2018-02-08 14:15:30 [@ufaslquticglpip]
0 seconds for "Cambio del esquema de la base de datos - glpi_ticketvalidations" @ 2018-02-08 14:15:30 [@ufaslquticglpip]
0 seconds for "Configuration values added for login_remember_time, login_remember_default, use_notifications, notifications_mailing, notifications_ajax, notifications_ajax_check_interval, notifications_ajax_sound, notifications_ajax_icon_url, dbversion, smtp_max_retries, smtp_sender, from_email, from_email_name." @ 2018-02-08 14:15:30 [@ufaslquticglpip]
0 seconds for "Proceso terminado" @ 